mode: atomic
github.com/heathcliff26/fleetlock/pkg/api/utils.go:10.65,13.16 3 0
github.com/heathcliff26/fleetlock/pkg/api/utils.go:13.16,15.3 1 0
github.com/heathcliff26/fleetlock/pkg/api/utils.go:16.2,16.17 1 0
github.com/heathcliff26/fleetlock/pkg/api/utils.go:20.67,23.16 3 0
github.com/heathcliff26/fleetlock/pkg/api/utils.go:23.16,25.3 1 0
github.com/heathcliff26/fleetlock/pkg/api/utils.go:26.2,26.17 1 0
github.com/heathcliff26/fleetlock/pkg/api/utils.go:30.58,38.16 3 0
github.com/heathcliff26/fleetlock/pkg/api/utils.go:38.16,40.3 1 0
github.com/heathcliff26/fleetlock/pkg/api/utils.go:41.2,41.35 1 0
github.com/heathcliff26/fleetlock/pkg/client/client.go:20.61,22.16 2 0
github.com/heathcliff26/fleetlock/pkg/client/client.go:22.16,24.3 1 0
github.com/heathcliff26/fleetlock/pkg/client/client.go:26.2,27.16 2 0
github.com/heathcliff26/fleetlock/pkg/client/client.go:27.16,29.3 1 0
github.com/heathcliff26/fleetlock/pkg/client/client.go:31.2,32.16 2 0
github.com/heathcliff26/fleetlock/pkg/client/client.go:32.16,34.3 1 0
github.com/heathcliff26/fleetlock/pkg/client/client.go:36.2,36.15 1 0
github.com/heathcliff26/fleetlock/pkg/client/client.go:40.49,42.16 2 0
github.com/heathcliff26/fleetlock/pkg/client/client.go:42.16,44.3 1 0
github.com/heathcliff26/fleetlock/pkg/client/client.go:46.2,48.8 1 0
github.com/heathcliff26/fleetlock/pkg/client/client.go:52.40,54.16 2 0
github.com/heathcliff26/fleetlock/pkg/client/client.go:54.16,56.3 1 0
github.com/heathcliff26/fleetlock/pkg/client/client.go:56.8,56.15 1 0
github.com/heathcliff26/fleetlock/pkg/client/client.go:56.15,58.3 1 0
github.com/heathcliff26/fleetlock/pkg/client/client.go:59.2,59.91 1 0
github.com/heathcliff26/fleetlock/pkg/client/client.go:63.43,65.16 2 0
github.com/heathcliff26/fleetlock/pkg/client/client.go:65.16,67.3 1 0
github.com/heathcliff26/fleetlock/pkg/client/client.go:67.8,67.15 1 0
github.com/heathcliff26/fleetlock/pkg/client/client.go:67.15,69.3 1 0
github.com/heathcliff26/fleetlock/pkg/client/client.go:70.2,70.92 1 0
github.com/heathcliff26/fleetlock/pkg/client/client.go:73.87,78.16 4 0
github.com/heathcliff26/fleetlock/pkg/client/client.go:78.16,80.3 1 0
github.com/heathcliff26/fleetlock/pkg/client/client.go:81.2,82.16 2 0
github.com/heathcliff26/fleetlock/pkg/client/client.go:82.16,84.3 1 0
github.com/heathcliff26/fleetlock/pkg/client/client.go:85.2,89.16 4 0
github.com/heathcliff26/fleetlock/pkg/client/client.go:89.16,91.3 1 0
github.com/heathcliff26/fleetlock/pkg/client/client.go:93.2,94.16 2 0
github.com/heathcliff26/fleetlock/pkg/client/client.go:94.16,96.3 1 0
github.com/heathcliff26/fleetlock/pkg/client/client.go:98.2,98.54 1 0
github.com/heathcliff26/fleetlock/pkg/client/client.go:102.43,103.14 1 0
github.com/heathcliff26/fleetlock/pkg/client/client.go:103.14,105.3 1 0
github.com/heathcliff26/fleetlock/pkg/client/client.go:107.2,110.14 3 0
github.com/heathcliff26/fleetlock/pkg/client/client.go:114.52,118.15 3 0
github.com/heathcliff26/fleetlock/pkg/client/client.go:118.15,120.3 1 0
github.com/heathcliff26/fleetlock/pkg/client/client.go:121.2,122.12 2 0
github.com/heathcliff26/fleetlock/pkg/client/client.go:126.45,127.14 1 0
github.com/heathcliff26/fleetlock/pkg/client/client.go:127.14,129.3 1 0
github.com/heathcliff26/fleetlock/pkg/client/client.go:131.2,134.16 3 0
github.com/heathcliff26/fleetlock/pkg/client/client.go:138.56,142.17 3 0
github.com/heathcliff26/fleetlock/pkg/client/client.go:142.17,144.3 1 0
github.com/heathcliff26/fleetlock/pkg/client/client.go:145.2,146.12 2 0
github.com/heathcliff26/fleetlock/pkg/client/client.go:150.42,151.14 1 0
github.com/heathcliff26/fleetlock/pkg/client/client.go:151.14,153.3 1 0
github.com/heathcliff26/fleetlock/pkg/client/client.go:155.2,158.16 3 0
github.com/heathcliff26/fleetlock/pkg/client/client.go:162.50,166.14 3 0
github.com/heathcliff26/fleetlock/pkg/client/client.go:166.14,168.3 1 0
github.com/heathcliff26/fleetlock/pkg/client/client.go:169.2,170.12 2 0
github.com/heathcliff26/fleetlock/pkg/client/utils.go:12.37,14.16 2 0
github.com/heathcliff26/fleetlock/pkg/client/utils.go:14.16,16.3 1 0
github.com/heathcliff26/fleetlock/pkg/client/utils.go:17.2,18.23 2 0
github.com/heathcliff26/fleetlock/pkg/client/utils.go:22.40,24.16 2 0
github.com/heathcliff26/fleetlock/pkg/client/utils.go:24.16,26.3 1 0
github.com/heathcliff26/fleetlock/pkg/client/utils.go:28.2,29.16 2 0
github.com/heathcliff26/fleetlock/pkg/client/utils.go:29.16,31.3 1 0
github.com/heathcliff26/fleetlock/pkg/client/utils.go:32.2,32.19 1 0
github.com/heathcliff26/fleetlock/pkg/client/utils.go:38.43,40.11 2 0
github.com/heathcliff26/fleetlock/pkg/client/utils.go:40.11,42.3 1 0
github.com/heathcliff26/fleetlock/pkg/client/utils.go:43.2,43.12 1 0
github.com/heathcliff26/fleetlock/pkg/config/config.go:21.13,28.2 4 0
github.com/heathcliff26/fleetlock/pkg/config/config.go:39.38,40.32 1 0
github.com/heathcliff26/fleetlock/pkg/config/config.go:41.15,42.32 1 0
github.com/heathcliff26/fleetlock/pkg/config/config.go:43.14,44.31 1 0
github.com/heathcliff26/fleetlock/pkg/config/config.go:45.14,46.31 1 0
github.com/heathcliff26/fleetlock/pkg/config/config.go:47.15,48.32 1 0
github.com/heathcliff26/fleetlock/pkg/config/config.go:49.10,50.38 1 0
github.com/heathcliff26/fleetlock/pkg/config/config.go:52.2,52.12 1 0
github.com/heathcliff26/fleetlock/pkg/config/config.go:55.30,62.2 1 0
github.com/heathcliff26/fleetlock/pkg/config/config.go:67.57,70.16 2 0
github.com/heathcliff26/fleetlock/pkg/config/config.go:70.16,73.3 2 0
github.com/heathcliff26/fleetlock/pkg/config/config.go:76.2,77.16 2 0
github.com/heathcliff26/fleetlock/pkg/config/config.go:77.16,79.3 1 0
github.com/heathcliff26/fleetlock/pkg/config/config.go:81.2,81.9 1 0
github.com/heathcliff26/fleetlock/pkg/config/config.go:81.9,83.3 1 0
github.com/heathcliff26/fleetlock/pkg/config/config.go:85.2,86.16 2 0
github.com/heathcliff26/fleetlock/pkg/config/config.go:86.16,88.3 1 0
github.com/heathcliff26/fleetlock/pkg/config/config.go:90.2,93.16 3 0
github.com/heathcliff26/fleetlock/pkg/config/config.go:93.16,95.3 1 0
github.com/heathcliff26/fleetlock/pkg/config/config.go:97.2,97.15 1 0
github.com/heathcliff26/fleetlock/pkg/config/config.go:100.29,102.21 2 0
github.com/heathcliff26/fleetlock/pkg/config/config.go:102.21,104.3 1 0
github.com/heathcliff26/fleetlock/pkg/config/config.go:106.2,106.65 1 0
github.com/heathcliff26/fleetlock/pkg/config/config.go:109.35,111.16 2 0
github.com/heathcliff26/fleetlock/pkg/config/config.go:111.16,113.3 1 0
github.com/heathcliff26/fleetlock/pkg/config/config.go:115.2,116.16 2 0
github.com/heathcliff26/fleetlock/pkg/config/config.go:116.16,118.3 1 0
github.com/heathcliff26/fleetlock/pkg/config/config.go:120.2,121.16 2 0
github.com/heathcliff26/fleetlock/pkg/config/config.go:121.16,123.3 1 0
github.com/heathcliff26/fleetlock/pkg/config/config.go:125.2,125.12 1 0
github.com/heathcliff26/fleetlock/pkg/config/errors.go:7.48,11.2 1 0
github.com/heathcliff26/fleetlock/pkg/config/errors.go:13.45,15.2 1 0
github.com/heathcliff26/fleetlock/pkg/fake/server.go:32.75,42.2 3 0
github.com/heathcliff26/fleetlock/pkg/fake/server.go:44.79,46.18 2 0
github.com/heathcliff26/fleetlock/pkg/fake/server.go:46.18,48.3 1 0
github.com/heathcliff26/fleetlock/pkg/fake/server.go:50.2,56.19 5 0
github.com/heathcliff26/fleetlock/pkg/fake/server.go:56.19,58.3 1 0
github.com/heathcliff26/fleetlock/pkg/fake/server.go:58.8,60.3 1 0
github.com/heathcliff26/fleetlock/pkg/fake/server.go:61.2,61.16 1 0
github.com/heathcliff26/fleetlock/pkg/fake/server.go:61.16,63.3 1 0
github.com/heathcliff26/fleetlock/pkg/fake/server.go:63.8,65.3 1 0
github.com/heathcliff26/fleetlock/pkg/fake/server.go:67.2,72.80 3 0
github.com/heathcliff26/fleetlock/pkg/fake/server.go:72.80,74.3 1 0
github.com/heathcliff26/fleetlock/pkg/fake/server.go:76.2,77.72 2 0
github.com/heathcliff26/fleetlock/pkg/fake/server.go:81.35,83.2 1 0
github.com/heathcliff26/fleetlock/pkg/fake/server.go:86.30,87.33 1 0
github.com/heathcliff26/fleetlock/pkg/fake/server.go:87.33,89.3 1 0
github.com/heathcliff26/fleetlock/pkg/fleetctl/appid.go:12.36,16.52 1 0
github.com/heathcliff26/fleetlock/pkg/fleetctl/appid.go:16.52,18.18 2 0
github.com/heathcliff26/fleetlock/pkg/fleetctl/appid.go:18.18,20.5 1 0
github.com/heathcliff26/fleetlock/pkg/fleetctl/appid.go:22.4,23.19 2 0
github.com/heathcliff26/fleetlock/pkg/fleetctl/appid.go:23.19,25.5 1 0
github.com/heathcliff26/fleetlock/pkg/fleetctl/appid.go:25.10,27.5 1 0
github.com/heathcliff26/fleetlock/pkg/fleetctl/appid.go:28.4,28.18 1 0
github.com/heathcliff26/fleetlock/pkg/fleetctl/appid.go:28.18,30.5 1 0
github.com/heathcliff26/fleetlock/pkg/fleetctl/appid.go:31.4,33.14 2 0
github.com/heathcliff26/fleetlock/pkg/fleetctl/appid.go:36.2,38.12 2 0
github.com/heathcliff26/fleetlock/pkg/fleetctl/lock.go:8.38,13.55 1 0
github.com/heathcliff26/fleetlock/pkg/fleetctl/lock.go:13.55,15.18 2 0
github.com/heathcliff26/fleetlock/pkg/fleetctl/lock.go:15.18,17.5 1 0
github.com/heathcliff26/fleetlock/pkg/fleetctl/lock.go:19.4,20.18 2 0
github.com/heathcliff26/fleetlock/pkg/fleetctl/lock.go:20.18,22.5 1 0
github.com/heathcliff26/fleetlock/pkg/fleetctl/lock.go:24.4,25.14 2 0
github.com/heathcliff26/fleetlock/pkg/fleetctl/lock.go:28.2,30.12 2 0
github.com/heathcliff26/fleetlock/pkg/fleetctl/release.go:8.41,13.55 1 0
github.com/heathcliff26/fleetlock/pkg/fleetctl/release.go:13.55,15.18 2 0
github.com/heathcliff26/fleetlock/pkg/fleetctl/release.go:15.18,17.5 1 0
github.com/heathcliff26/fleetlock/pkg/fleetctl/release.go:19.4,20.18 2 0
github.com/heathcliff26/fleetlock/pkg/fleetctl/release.go:20.18,22.5 1 0
github.com/heathcliff26/fleetlock/pkg/fleetctl/release.go:24.4,25.14 2 0
github.com/heathcliff26/fleetlock/pkg/fleetctl/release.go:28.2,30.12 2 0
github.com/heathcliff26/fleetlock/pkg/fleetctl/root.go:10.38,12.32 1 0
github.com/heathcliff26/fleetlock/pkg/fleetctl/root.go:12.32,14.4 1 0
github.com/heathcliff26/fleetlock/pkg/fleetctl/root.go:17.2,20.52 1 0
github.com/heathcliff26/fleetlock/pkg/fleetctl/root.go:20.52,22.4 1 0
github.com/heathcliff26/fleetlock/pkg/fleetctl/root.go:25.2,32.16 2 0
github.com/heathcliff26/fleetlock/pkg/fleetctl/root.go:35.16,38.16 3 0
github.com/heathcliff26/fleetlock/pkg/fleetctl/root.go:38.16,40.3 1 0
github.com/heathcliff26/fleetlock/pkg/fleetctl/utils.go:16.46,19.2 2 0
github.com/heathcliff26/fleetlock/pkg/fleetctl/utils.go:22.91,24.16 2 0
github.com/heathcliff26/fleetlock/pkg/fleetctl/utils.go:24.16,26.3 1 0
github.com/heathcliff26/fleetlock/pkg/fleetctl/utils.go:28.2,29.16 2 0
github.com/heathcliff26/fleetlock/pkg/fleetctl/utils.go:29.16,31.3 1 0
github.com/heathcliff26/fleetlock/pkg/fleetctl/utils.go:33.2,33.19 1 0
github.com/heathcliff26/fleetlock/pkg/fleetctl/utils.go:33.19,35.3 1 0
github.com/heathcliff26/fleetlock/pkg/fleetctl/utils.go:36.2,37.16 2 0
github.com/heathcliff26/fleetlock/pkg/fleetctl/utils.go:37.16,39.3 1 0
github.com/heathcliff26/fleetlock/pkg/fleetctl/utils.go:41.2,41.14 1 0
github.com/heathcliff26/fleetlock/pkg/fleetctl/utils.go:41.14,43.17 2 0
github.com/heathcliff26/fleetlock/pkg/fleetctl/utils.go:43.17,45.4 1 0
github.com/heathcliff26/fleetlock/pkg/fleetctl/utils.go:48.2,48.15 1 0
github.com/heathcliff26/fleetlock/pkg/fleetctl/utils.go:52.47,55.2 2 0
github.com/heathcliff26/fleetlock/pkg/fleetlock/root.go:16.38,18.32 1 0
github.com/heathcliff26/fleetlock/pkg/fleetlock/root.go:18.32,20.4 1 0
github.com/heathcliff26/fleetlock/pkg/fleetlock/root.go:23.2,26.52 1 0
github.com/heathcliff26/fleetlock/pkg/fleetlock/root.go:26.52,28.18 2 0
github.com/heathcliff26/fleetlock/pkg/fleetlock/root.go:28.18,30.5 1 0
github.com/heathcliff26/fleetlock/pkg/fleetlock/root.go:32.4,33.18 2 0
github.com/heathcliff26/fleetlock/pkg/fleetlock/root.go:33.18,35.5 1 0
github.com/heathcliff26/fleetlock/pkg/fleetlock/root.go:37.4,38.14 2 0
github.com/heathcliff26/fleetlock/pkg/fleetlock/root.go:42.2,48.16 4 0
github.com/heathcliff26/fleetlock/pkg/fleetlock/root.go:51.16,54.16 3 0
github.com/heathcliff26/fleetlock/pkg/fleetlock/root.go:54.16,56.3 1 0
github.com/heathcliff26/fleetlock/pkg/fleetlock/root.go:59.59,61.16 2 0
github.com/heathcliff26/fleetlock/pkg/fleetlock/root.go:61.16,63.3 1 0
github.com/heathcliff26/fleetlock/pkg/fleetlock/root.go:65.2,66.16 2 0
github.com/heathcliff26/fleetlock/pkg/fleetlock/root.go:66.16,68.3 1 0
github.com/heathcliff26/fleetlock/pkg/fleetlock/root.go:70.2,71.16 2 0
github.com/heathcliff26/fleetlock/pkg/fleetlock/root.go:71.16,73.3 1 0
github.com/heathcliff26/fleetlock/pkg/fleetlock/root.go:74.2,75.16 2 0
github.com/heathcliff26/fleetlock/pkg/fleetlock/root.go:75.16,77.3 1 0
github.com/heathcliff26/fleetlock/pkg/fleetlock/root.go:81.47,84.2 2 0
github.com/heathcliff26/fleetlock/pkg/k8s/client.go:29.48,31.33 2 0
github.com/heathcliff26/fleetlock/pkg/k8s/client.go:31.33,33.3 1 0
github.com/heathcliff26/fleetlock/pkg/k8s/client.go:33.8,33.23 1 0
github.com/heathcliff26/fleetlock/pkg/k8s/client.go:33.23,35.3 1 0
github.com/heathcliff26/fleetlock/pkg/k8s/client.go:37.2,38.16 2 0
github.com/heathcliff26/fleetlock/pkg/k8s/client.go:38.16,40.3 1 0
github.com/heathcliff26/fleetlock/pkg/k8s/client.go:42.2,42.36 1 0
github.com/heathcliff26/fleetlock/pkg/k8s/client.go:42.36,44.3 1 0
github.com/heathcliff26/fleetlock/pkg/k8s/client.go:46.2,51.8 1 0
github.com/heathcliff26/fleetlock/pkg/k8s/client.go:55.49,62.2 2 0
github.com/heathcliff26/fleetlock/pkg/k8s/client.go:66.47,72.16 5 0
github.com/heathcliff26/fleetlock/pkg/k8s/client.go:72.16,74.3 1 0
github.com/heathcliff26/fleetlock/pkg/k8s/client.go:76.2,77.16 2 0
github.com/heathcliff26/fleetlock/pkg/k8s/client.go:77.16,79.18 2 0
github.com/heathcliff26/fleetlock/pkg/k8s/client.go:79.18,81.4 1 0
github.com/heathcliff26/fleetlock/pkg/k8s/client.go:82.3,82.13 1 0
github.com/heathcliff26/fleetlock/pkg/k8s/client.go:85.2,85.24 1 0
github.com/heathcliff26/fleetlock/pkg/k8s/client.go:89.68,91.16 2 0
github.com/heathcliff26/fleetlock/pkg/k8s/client.go:91.16,93.3 1 0
github.com/heathcliff26/fleetlock/pkg/k8s/client.go:95.2,98.16 2 0
github.com/heathcliff26/fleetlock/pkg/k8s/client.go:98.16,100.3 1 0
github.com/heathcliff26/fleetlock/pkg/k8s/client.go:102.2,103.33 2 0
github.com/heathcliff26/fleetlock/pkg/k8s/client.go:103.33,105.62 1 0
github.com/heathcliff26/fleetlock/pkg/k8s/client.go:105.62,106.12 1 0
github.com/heathcliff26/fleetlock/pkg/k8s/client.go:109.3,110.58 2 0
github.com/heathcliff26/fleetlock/pkg/k8s/client.go:110.58,111.12 1 0
github.com/heathcliff26/fleetlock/pkg/k8s/client.go:114.3,125.17 2 0
github.com/heathcliff26/fleetlock/pkg/k8s/client.go:125.17,128.12 3 0
github.com/heathcliff26/fleetlock/pkg/k8s/client.go:130.3,133.10 3 0
github.com/heathcliff26/fleetlock/pkg/k8s/client.go:134.21,136.26 2 0
github.com/heathcliff26/fleetlock/pkg/k8s/client.go:136.26,138.5 1 0
github.com/heathcliff26/fleetlock/pkg/k8s/client.go:139.4,139.15 1 0
github.com/heathcliff26/fleetlock/pkg/k8s/client.go:140.11,140.11 0 0
github.com/heathcliff26/fleetlock/pkg/k8s/client.go:143.3,143.11 1 0
github.com/heathcliff26/fleetlock/pkg/k8s/client.go:143.11,144.9 1 0
github.com/heathcliff26/fleetlock/pkg/k8s/client.go:148.2,148.20 1 0
github.com/heathcliff26/fleetlock/pkg/k8s/client.go:152.72,154.16 2 0
github.com/heathcliff26/fleetlock/pkg/k8s/client.go:154.16,156.3 1 0
github.com/heathcliff26/fleetlock/pkg/k8s/client.go:158.2,158.35 1 0
github.com/heathcliff26/fleetlock/pkg/k8s/client.go:158.35,161.17 3 0
github.com/heathcliff26/fleetlock/pkg/k8s/client.go:161.17,163.4 1 0
github.com/heathcliff26/fleetlock/pkg/k8s/client.go:165.3,165.25 1 0
github.com/heathcliff26/fleetlock/pkg/k8s/client.go:165.25,168.4 2 0
github.com/heathcliff26/fleetlock/pkg/k8s/client.go:171.2,171.16 1 0
github.com/heathcliff26/fleetlock/pkg/k8s/client.go:175.50,177.16 2 0
github.com/heathcliff26/fleetlock/pkg/k8s/client.go:177.16,179.3 1 0
github.com/heathcliff26/fleetlock/pkg/k8s/client.go:181.2,181.115 1 0
github.com/heathcliff26/fleetlock/pkg/k8s/client.go:185.55,189.24 4 0
github.com/heathcliff26/fleetlock/pkg/k8s/client.go:189.24,191.3 1 0
github.com/heathcliff26/fleetlock/pkg/k8s/client.go:192.2,193.30 2 0
github.com/heathcliff26/fleetlock/pkg/k8s/client.go:193.30,195.3 1 0
github.com/heathcliff26/fleetlock/pkg/k8s/client.go:197.2,197.51 1 0
github.com/heathcliff26/fleetlock/pkg/k8s/client.go:197.51,200.3 2 0
github.com/heathcliff26/fleetlock/pkg/k8s/client.go:201.2,201.19 1 0
github.com/heathcliff26/fleetlock/pkg/k8s/config.go:9.32,13.2 1 0
github.com/heathcliff26/fleetlock/pkg/k8s/errors.go:5.43,7.2 1 0
github.com/heathcliff26/fleetlock/pkg/k8s/errors.go:9.51,11.2 1 0
github.com/heathcliff26/fleetlock/pkg/k8s/errors.go:15.36,17.2 1 0
github.com/heathcliff26/fleetlock/pkg/k8s/errors.go:19.44,21.2 1 0
github.com/heathcliff26/fleetlock/pkg/k8s/errors.go:25.35,27.2 1 0
github.com/heathcliff26/fleetlock/pkg/k8s/errors.go:29.43,31.2 1 0
github.com/heathcliff26/fleetlock/pkg/k8s/errors.go:35.49,37.2 1 0
github.com/heathcliff26/fleetlock/pkg/k8s/errors.go:39.57,41.2 1 0
github.com/heathcliff26/fleetlock/pkg/k8s/lease.go:30.65,35.2 1 0
github.com/heathcliff26/fleetlock/pkg/k8s/lease.go:39.48,41.16 2 0
github.com/heathcliff26/fleetlock/pkg/k8s/lease.go:41.16,43.3 1 0
github.com/heathcliff26/fleetlock/pkg/k8s/lease.go:45.2,46.12 2 0
github.com/heathcliff26/fleetlock/pkg/k8s/lease.go:50.67,63.16 3 0
github.com/heathcliff26/fleetlock/pkg/k8s/lease.go:63.16,65.3 1 0
github.com/heathcliff26/fleetlock/pkg/k8s/lease.go:67.2,68.12 2 0
github.com/heathcliff26/fleetlock/pkg/k8s/lease.go:72.51,74.16 2 0
github.com/heathcliff26/fleetlock/pkg/k8s/lease.go:74.16,76.3 1 0
github.com/heathcliff26/fleetlock/pkg/k8s/lease.go:78.2,79.12 2 0
github.com/heathcliff26/fleetlock/pkg/k8s/lease.go:82.66,83.20 1 0
github.com/heathcliff26/fleetlock/pkg/k8s/lease.go:83.20,85.17 2 0
github.com/heathcliff26/fleetlock/pkg/k8s/lease.go:85.17,87.4 1 0
github.com/heathcliff26/fleetlock/pkg/k8s/lease.go:90.2,91.9 2 0
github.com/heathcliff26/fleetlock/pkg/k8s/lease.go:91.9,93.3 1 0
github.com/heathcliff26/fleetlock/pkg/k8s/lease.go:94.2,94.37 1 0
github.com/heathcliff26/fleetlock/pkg/k8s/lease.go:98.66,100.28 2 0
github.com/heathcliff26/fleetlock/pkg/k8s/lease.go:100.28,102.3 1 0
github.com/heathcliff26/fleetlock/pkg/k8s/lease.go:103.2,103.19 1 0
github.com/heathcliff26/fleetlock/pkg/k8s/lease.go:108.64,110.16 2 0
github.com/heathcliff26/fleetlock/pkg/k8s/lease.go:110.16,112.3 1 0
github.com/heathcliff26/fleetlock/pkg/k8s/lease.go:114.2,114.32 1 0
github.com/heathcliff26/fleetlock/pkg/k8s/lease.go:114.32,116.3 1 0
github.com/heathcliff26/fleetlock/pkg/k8s/lease.go:118.2,121.12 3 0
github.com/heathcliff26/fleetlock/pkg/k8s/lease.go:125.65,127.28 2 0
github.com/heathcliff26/fleetlock/pkg/k8s/lease.go:127.28,129.3 1 0
github.com/heathcliff26/fleetlock/pkg/k8s/lease.go:129.8,129.23 1 0
github.com/heathcliff26/fleetlock/pkg/k8s/lease.go:129.23,131.3 1 0
github.com/heathcliff26/fleetlock/pkg/k8s/lease.go:133.2,133.119 1 0
github.com/heathcliff26/fleetlock/pkg/k8s/lease.go:133.119,135.3 1 0
github.com/heathcliff26/fleetlock/pkg/k8s/lease.go:137.2,139.34 2 0
github.com/heathcliff26/fleetlock/pkg/k8s/lease.go:139.34,140.57 1 0
github.com/heathcliff26/fleetlock/pkg/k8s/lease.go:140.57,142.18 2 0
github.com/heathcliff26/fleetlock/pkg/k8s/lease.go:142.18,144.5 1 0
github.com/heathcliff26/fleetlock/pkg/k8s/lease.go:147.3,151.17 4 0
github.com/heathcliff26/fleetlock/pkg/k8s/lease.go:151.17,153.4 1 0
github.com/heathcliff26/fleetlock/pkg/k8s/lease.go:154.8,156.3 1 0
github.com/heathcliff26/fleetlock/pkg/k8s/lease.go:158.2,158.12 1 0
github.com/heathcliff26/fleetlock/pkg/k8s/lease.go:162.49,163.20 1 0
github.com/heathcliff26/fleetlock/pkg/k8s/lease.go:163.20,165.17 2 0
github.com/heathcliff26/fleetlock/pkg/k8s/lease.go:165.17,167.4 1 0
github.com/heathcliff26/fleetlock/pkg/k8s/lease.go:170.2,172.16 3 0
github.com/heathcliff26/fleetlock/pkg/k8s/lease.go:172.16,174.3 1 0
github.com/heathcliff26/fleetlock/pkg/k8s/lease.go:175.2,175.12 1 0
github.com/heathcliff26/fleetlock/pkg/k8s/lease.go:179.51,181.28 2 0
github.com/heathcliff26/fleetlock/pkg/k8s/lease.go:181.28,183.3 1 0
github.com/heathcliff26/fleetlock/pkg/k8s/lease.go:183.8,185.3 1 0
github.com/heathcliff26/fleetlock/pkg/k8s/lease.go:190.59,191.20 1 0
github.com/heathcliff26/fleetlock/pkg/k8s/lease.go:191.20,193.29 2 0
github.com/heathcliff26/fleetlock/pkg/k8s/lease.go:193.29,195.4 1 0
github.com/heathcliff26/fleetlock/pkg/k8s/lease.go:195.9,195.24 1 0
github.com/heathcliff26/fleetlock/pkg/k8s/lease.go:195.24,197.4 1 0
github.com/heathcliff26/fleetlock/pkg/k8s/lease.go:200.2,200.60 1 0
github.com/heathcliff26/fleetlock/pkg/k8s/lease.go:204.50,206.16 2 0
github.com/heathcliff26/fleetlock/pkg/k8s/lease.go:206.16,208.3 1 0
github.com/heathcliff26/fleetlock/pkg/k8s/lease.go:210.2,213.16 3 0
github.com/heathcliff26/fleetlock/pkg/k8s/lease.go:213.16,215.3 1 0
github.com/heathcliff26/fleetlock/pkg/k8s/lease.go:216.2,216.12 1 0
github.com/heathcliff26/fleetlock/pkg/k8s/utils.go:7.39,9.2 1 0
github.com/heathcliff26/fleetlock/pkg/k8s/utils.go:11.50,13.2 1 0
github.com/heathcliff26/fleetlock/pkg/k8s/utils/errors.go:10.57,15.2 1 0
github.com/heathcliff26/fleetlock/pkg/k8s/utils/errors.go:17.44,19.2 1 0
github.com/heathcliff26/fleetlock/pkg/k8s/utils/utils.go:19.37,21.16 2 0
github.com/heathcliff26/fleetlock/pkg/k8s/utils/utils.go:21.16,22.38 1 0
github.com/heathcliff26/fleetlock/pkg/k8s/utils/utils.go:22.38,24.4 1 0
github.com/heathcliff26/fleetlock/pkg/k8s/utils/utils.go:24.9,26.4 1 0
github.com/heathcliff26/fleetlock/pkg/k8s/utils/utils.go:29.2,30.18 2 0
github.com/heathcliff26/fleetlock/pkg/k8s/utils/utils.go:30.18,32.3 1 0
github.com/heathcliff26/fleetlock/pkg/k8s/utils/utils.go:33.2,33.16 1 0
github.com/heathcliff26/fleetlock/pkg/k8s/utils/utils.go:37.74,40.22 3 0
github.com/heathcliff26/fleetlock/pkg/k8s/utils/utils.go:40.22,42.3 1 0
github.com/heathcliff26/fleetlock/pkg/k8s/utils/utils.go:42.8,44.3 1 0
github.com/heathcliff26/fleetlock/pkg/k8s/utils/utils.go:45.2,45.16 1 0
github.com/heathcliff26/fleetlock/pkg/k8s/utils/utils.go:45.16,47.3 1 0
github.com/heathcliff26/fleetlock/pkg/k8s/utils/utils.go:49.2,49.40 1 0
github.com/heathcliff26/fleetlock/pkg/k8s/utils/utils.go:53.29,55.2 1 0
github.com/heathcliff26/fleetlock/pkg/lock-manager/config.go:30.46,34.2 1 0
github.com/heathcliff26/fleetlock/pkg/lock-manager/config.go:36.32,42.2 3 0
github.com/heathcliff26/fleetlock/pkg/lock-manager/config.go:44.34,45.22 1 0
github.com/heathcliff26/fleetlock/pkg/lock-manager/config.go:45.22,46.18 1 0
github.com/heathcliff26/fleetlock/pkg/lock-manager/config.go:46.18,48.4 1 0
github.com/heathcliff26/fleetlock/pkg/lock-manager/config.go:50.2,50.12 1 0
github.com/heathcliff26/fleetlock/pkg/lock-manager/manager.go:47.80,50.25 3 0
github.com/heathcliff26/fleetlock/pkg/lock-manager/manager.go:51.16,54.25 3 0
github.com/heathcliff26/fleetlock/pkg/lock-manager/manager.go:54.25,57.4 2 0
github.com/heathcliff26/fleetlock/pkg/lock-manager/manager.go:58.3,58.48 1 0
github.com/heathcliff26/fleetlock/pkg/lock-manager/manager.go:59.16,60.57 1 0
github.com/heathcliff26/fleetlock/pkg/lock-manager/manager.go:61.18,62.61 1 0
github.com/heathcliff26/fleetlock/pkg/lock-manager/manager.go:63.15,64.55 1 0
github.com/heathcliff26/fleetlock/pkg/lock-manager/manager.go:65.16,66.60 1 0
github.com/heathcliff26/fleetlock/pkg/lock-manager/manager.go:67.14,68.54 1 0
github.com/heathcliff26/fleetlock/pkg/lock-manager/manager.go:69.20,70.72 1 0
github.com/heathcliff26/fleetlock/pkg/lock-manager/manager.go:71.17,72.63 1 0
github.com/heathcliff26/fleetlock/pkg/lock-manager/manager.go:73.10,74.58 1 0
github.com/heathcliff26/fleetlock/pkg/lock-manager/manager.go:76.2,76.16 1 0
github.com/heathcliff26/fleetlock/pkg/lock-manager/manager.go:76.16,78.3 1 0
github.com/heathcliff26/fleetlock/pkg/lock-manager/manager.go:80.2,83.8 1 0
github.com/heathcliff26/fleetlock/pkg/lock-manager/manager.go:87.80,92.2 1 0
github.com/heathcliff26/fleetlock/pkg/lock-manager/manager.go:94.54,96.32 2 0
github.com/heathcliff26/fleetlock/pkg/lock-manager/manager.go:96.32,100.3 1 0
github.com/heathcliff26/fleetlock/pkg/lock-manager/manager.go:101.2,101.10 1 0
github.com/heathcliff26/fleetlock/pkg/lock-manager/manager.go:104.64,106.19 2 0
github.com/heathcliff26/fleetlock/pkg/lock-manager/manager.go:106.19,108.3 1 0
github.com/heathcliff26/fleetlock/pkg/lock-manager/manager.go:109.2,109.14 1 0
github.com/heathcliff26/fleetlock/pkg/lock-manager/manager.go:109.14,111.3 1 0
github.com/heathcliff26/fleetlock/pkg/lock-manager/manager.go:113.2,113.39 1 0
github.com/heathcliff26/fleetlock/pkg/lock-manager/manager.go:113.39,119.3 3 0
github.com/heathcliff26/fleetlock/pkg/lock-manager/manager.go:120.2,121.22 2 0
github.com/heathcliff26/fleetlock/pkg/lock-manager/manager.go:121.22,123.3 1 0
github.com/heathcliff26/fleetlock/pkg/lock-manager/manager.go:123.8,123.23 1 0
github.com/heathcliff26/fleetlock/pkg/lock-manager/manager.go:123.23,125.3 1 0
github.com/heathcliff26/fleetlock/pkg/lock-manager/manager.go:128.2,128.46 1 0
github.com/heathcliff26/fleetlock/pkg/lock-manager/manager.go:128.46,134.3 3 0
github.com/heathcliff26/fleetlock/pkg/lock-manager/manager.go:135.2,136.23 2 0
github.com/heathcliff26/fleetlock/pkg/lock-manager/manager.go:136.23,138.3 1 0
github.com/heathcliff26/fleetlock/pkg/lock-manager/manager.go:141.2,146.23 4 0
github.com/heathcliff26/fleetlock/pkg/lock-manager/manager.go:146.23,148.3 1 0
github.com/heathcliff26/fleetlock/pkg/lock-manager/manager.go:150.2,151.24 2 0
github.com/heathcliff26/fleetlock/pkg/lock-manager/manager.go:154.80,156.16 2 0
github.com/heathcliff26/fleetlock/pkg/lock-manager/manager.go:156.16,158.3 1 0
github.com/heathcliff26/fleetlock/pkg/lock-manager/manager.go:160.2,160.35 1 0
github.com/heathcliff26/fleetlock/pkg/lock-manager/manager.go:163.56,165.19 2 0
github.com/heathcliff26/fleetlock/pkg/lock-manager/manager.go:165.19,167.3 1 0
github.com/heathcliff26/fleetlock/pkg/lock-manager/manager.go:168.2,168.14 1 0
github.com/heathcliff26/fleetlock/pkg/lock-manager/manager.go:168.14,170.3 1 0
github.com/heathcliff26/fleetlock/pkg/lock-manager/manager.go:172.2,175.38 3 0
github.com/heathcliff26/fleetlock/pkg/lock-manager/manager.go:178.38,180.2 1 0
github.com/heathcliff26/fleetlock/pkg/lock-manager/errors/errors.go:9.47,11.2 1 0
github.com/heathcliff26/fleetlock/pkg/lock-manager/errors/errors.go:13.44,15.2 1 0
github.com/heathcliff26/fleetlock/pkg/lock-manager/errors/errors.go:19.38,21.2 1 0
github.com/heathcliff26/fleetlock/pkg/lock-manager/errors/errors.go:27.48,31.2 1 0
github.com/heathcliff26/fleetlock/pkg/lock-manager/errors/errors.go:33.49,35.2 1 0
github.com/heathcliff26/fleetlock/pkg/lock-manager/errors/errors.go:39.43,41.2 1 0
github.com/heathcliff26/fleetlock/pkg/lock-manager/errors/errors.go:43.51,45.2 1 0
github.com/heathcliff26/fleetlock/pkg/lock-manager/storage/etcd/storage.go:30.59,32.45 2 0
github.com/heathcliff26/fleetlock/pkg/lock-manager/storage/etcd/storage.go:32.45,38.17 3 0
github.com/heathcliff26/fleetlock/pkg/lock-manager/storage/etcd/storage.go:38.17,40.4 1 0
github.com/heathcliff26/fleetlock/pkg/lock-manager/storage/etcd/storage.go:42.2,49.16 2 0
github.com/heathcliff26/fleetlock/pkg/lock-manager/storage/etcd/storage.go:49.16,51.3 1 0
github.com/heathcliff26/fleetlock/pkg/lock-manager/storage/etcd/storage.go:53.2,56.16 4 0
github.com/heathcliff26/fleetlock/pkg/lock-manager/storage/etcd/storage.go:56.16,58.3 1 0
github.com/heathcliff26/fleetlock/pkg/lock-manager/storage/etcd/storage.go:60.2,62.8 1 0
github.com/heathcliff26/fleetlock/pkg/lock-manager/storage/etcd/storage.go:67.62,78.16 5 0
github.com/heathcliff26/fleetlock/pkg/lock-manager/storage/etcd/storage.go:78.16,80.3 1 0
github.com/heathcliff26/fleetlock/pkg/lock-manager/storage/etcd/storage.go:82.2,82.12 1 0
github.com/heathcliff26/fleetlock/pkg/lock-manager/storage/etcd/storage.go:86.59,92.16 5 0
github.com/heathcliff26/fleetlock/pkg/lock-manager/storage/etcd/storage.go:92.16,94.3 1 0
github.com/heathcliff26/fleetlock/pkg/lock-manager/storage/etcd/storage.go:95.2,95.28 1 0
github.com/heathcliff26/fleetlock/pkg/lock-manager/storage/etcd/storage.go:100.62,107.2 5 0
github.com/heathcliff26/fleetlock/pkg/lock-manager/storage/etcd/storage.go:110.77,111.26 1 0
github.com/heathcliff26/fleetlock/pkg/lock-manager/storage/etcd/storage.go:115.70,121.30 5 0
github.com/heathcliff26/fleetlock/pkg/lock-manager/storage/etcd/storage.go:121.30,123.3 1 0
github.com/heathcliff26/fleetlock/pkg/lock-manager/storage/etcd/storage.go:124.2,124.28 1 0
github.com/heathcliff26/fleetlock/pkg/lock-manager/storage/etcd/storage.go:128.37,130.2 1 0
github.com/heathcliff26/fleetlock/pkg/lock-manager/storage/kubernetes/storage.go:33.77,35.16 2 0
github.com/heathcliff26/fleetlock/pkg/lock-manager/storage/kubernetes/storage.go:35.16,37.3 1 0
github.com/heathcliff26/fleetlock/pkg/lock-manager/storage/kubernetes/storage.go:39.2,40.14 2 0
github.com/heathcliff26/fleetlock/pkg/lock-manager/storage/kubernetes/storage.go:40.14,42.17 2 0
github.com/heathcliff26/fleetlock/pkg/lock-manager/storage/kubernetes/storage.go:42.17,44.4 1 0
github.com/heathcliff26/fleetlock/pkg/lock-manager/storage/kubernetes/storage.go:47.2,50.8 1 0
github.com/heathcliff26/fleetlock/pkg/lock-manager/storage/kubernetes/storage.go:54.97,59.2 2 0
github.com/heathcliff26/fleetlock/pkg/lock-manager/storage/kubernetes/storage.go:63.68,67.16 3 0
github.com/heathcliff26/fleetlock/pkg/lock-manager/storage/kubernetes/storage.go:67.16,69.3 1 0
github.com/heathcliff26/fleetlock/pkg/lock-manager/storage/kubernetes/storage.go:71.2,72.31 2 0
github.com/heathcliff26/fleetlock/pkg/lock-manager/storage/kubernetes/storage.go:72.31,73.39 1 0
github.com/heathcliff26/fleetlock/pkg/lock-manager/storage/kubernetes/storage.go:73.39,75.4 1 0
github.com/heathcliff26/fleetlock/pkg/lock-manager/storage/kubernetes/storage.go:76.3,76.41 1 0
github.com/heathcliff26/fleetlock/pkg/lock-manager/storage/kubernetes/storage.go:79.2,83.35 4 0
github.com/heathcliff26/fleetlock/pkg/lock-manager/storage/kubernetes/storage.go:83.35,86.3 2 0
github.com/heathcliff26/fleetlock/pkg/lock-manager/storage/kubernetes/storage.go:88.2,99.12 3 0
github.com/heathcliff26/fleetlock/pkg/lock-manager/storage/kubernetes/storage.go:103.65,106.2 2 0
github.com/heathcliff26/fleetlock/pkg/lock-manager/storage/kubernetes/storage.go:110.68,112.16 2 0
github.com/heathcliff26/fleetlock/pkg/lock-manager/storage/kubernetes/storage.go:112.16,114.3 1 0
github.com/heathcliff26/fleetlock/pkg/lock-manager/storage/kubernetes/storage.go:116.2,116.31 1 0
github.com/heathcliff26/fleetlock/pkg/lock-manager/storage/kubernetes/storage.go:116.31,117.39 1 0
github.com/heathcliff26/fleetlock/pkg/lock-manager/storage/kubernetes/storage.go:117.39,119.4 1 0
github.com/heathcliff26/fleetlock/pkg/lock-manager/storage/kubernetes/storage.go:122.2,122.12 1 0
github.com/heathcliff26/fleetlock/pkg/lock-manager/storage/kubernetes/storage.go:126.83,127.26 1 0
github.com/heathcliff26/fleetlock/pkg/lock-manager/storage/kubernetes/storage.go:131.76,133.16 2 0
github.com/heathcliff26/fleetlock/pkg/lock-manager/storage/kubernetes/storage.go:133.16,135.3 1 0
github.com/heathcliff26/fleetlock/pkg/lock-manager/storage/kubernetes/storage.go:137.2,137.31 1 0
github.com/heathcliff26/fleetlock/pkg/lock-manager/storage/kubernetes/storage.go:137.31,138.39 1 0
github.com/heathcliff26/fleetlock/pkg/lock-manager/storage/kubernetes/storage.go:138.39,140.4 1 0
github.com/heathcliff26/fleetlock/pkg/lock-manager/storage/kubernetes/storage.go:142.2,142.19 1 0
github.com/heathcliff26/fleetlock/pkg/lock-manager/storage/kubernetes/storage.go:146.43,148.2 1 0
github.com/heathcliff26/fleetlock/pkg/lock-manager/storage/kubernetes/storage.go:150.86,154.16 3 0
github.com/heathcliff26/fleetlock/pkg/lock-manager/storage/kubernetes/storage.go:154.16,156.3 1 0
github.com/heathcliff26/fleetlock/pkg/lock-manager/storage/kubernetes/storage.go:158.2,159.16 2 0
github.com/heathcliff26/fleetlock/pkg/lock-manager/storage/kubernetes/storage.go:159.16,161.3 1 0
github.com/heathcliff26/fleetlock/pkg/lock-manager/storage/kubernetes/storage.go:163.2,165.37 2 0
github.com/heathcliff26/fleetlock/pkg/lock-manager/storage/kubernetes/storage.go:165.37,166.43 1 0
github.com/heathcliff26/fleetlock/pkg/lock-manager/storage/kubernetes/storage.go:166.43,168.4 1 0
github.com/heathcliff26/fleetlock/pkg/lock-manager/storage/kubernetes/storage.go:170.2,170.20 1 0
github.com/heathcliff26/fleetlock/pkg/lock-manager/storage/memory/storage.go:26.55,29.35 2 0
github.com/heathcliff26/fleetlock/pkg/lock-manager/storage/memory/storage.go:29.35,34.3 1 0
github.com/heathcliff26/fleetlock/pkg/lock-manager/storage/memory/storage.go:36.2,38.3 1 0
github.com/heathcliff26/fleetlock/pkg/lock-manager/storage/memory/storage.go:43.64,45.14 2 0
github.com/heathcliff26/fleetlock/pkg/lock-manager/storage/memory/storage.go:45.14,48.3 1 0
github.com/heathcliff26/fleetlock/pkg/lock-manager/storage/memory/storage.go:50.2,50.19 1 0
github.com/heathcliff26/fleetlock/pkg/lock-manager/storage/memory/storage.go:50.19,52.3 1 0
github.com/heathcliff26/fleetlock/pkg/lock-manager/storage/memory/storage.go:54.2,60.12 3 0
github.com/heathcliff26/fleetlock/pkg/lock-manager/storage/memory/storage.go:64.61,66.14 2 0
github.com/heathcliff26/fleetlock/pkg/lock-manager/storage/memory/storage.go:66.14,68.3 1 0
github.com/heathcliff26/fleetlock/pkg/lock-manager/storage/memory/storage.go:70.2,70.26 1 0
github.com/heathcliff26/fleetlock/pkg/lock-manager/storage/memory/storage.go:75.64,77.14 2 0
github.com/heathcliff26/fleetlock/pkg/lock-manager/storage/memory/storage.go:77.14,79.3 1 0
github.com/heathcliff26/fleetlock/pkg/lock-manager/storage/memory/storage.go:81.2,83.27 3 0
github.com/heathcliff26/fleetlock/pkg/lock-manager/storage/memory/storage.go:83.27,84.17 1 0
github.com/heathcliff26/fleetlock/pkg/lock-manager/storage/memory/storage.go:84.17,85.9 1 0
github.com/heathcliff26/fleetlock/pkg/lock-manager/storage/memory/storage.go:88.2,88.22 1 0
github.com/heathcliff26/fleetlock/pkg/lock-manager/storage/memory/storage.go:88.22,91.3 2 0
github.com/heathcliff26/fleetlock/pkg/lock-manager/storage/memory/storage.go:91.8,93.3 1 0
github.com/heathcliff26/fleetlock/pkg/lock-manager/storage/memory/storage.go:95.2,95.12 1 0
github.com/heathcliff26/fleetlock/pkg/lock-manager/storage/memory/storage.go:99.79,100.15 1 0
github.com/heathcliff26/fleetlock/pkg/lock-manager/storage/memory/storage.go:104.65,106.14 2 0
github.com/heathcliff26/fleetlock/pkg/lock-manager/storage/memory/storage.go:106.14,109.3 1 0
github.com/heathcliff26/fleetlock/pkg/lock-manager/storage/memory/storage.go:110.2,110.27 1 0
github.com/heathcliff26/fleetlock/pkg/lock-manager/storage/memory/storage.go:114.39,116.2 1 0
github.com/heathcliff26/fleetlock/pkg/lock-manager/storage/memory/storage.go:118.41,119.31 1 0
github.com/heathcliff26/fleetlock/pkg/lock-manager/storage/memory/storage.go:119.31,120.20 1 0
github.com/heathcliff26/fleetlock/pkg/lock-manager/storage/memory/storage.go:120.20,122.4 1 0
github.com/heathcliff26/fleetlock/pkg/lock-manager/storage/memory/storage.go:124.2,124.14 1 0
github.com/heathcliff26/fleetlock/pkg/lock-manager/storage/mongodb/storage.go:31.68,32.24 1 0
github.com/heathcliff26/fleetlock/pkg/lock-manager/storage/mongodb/storage.go:32.24,34.3 1 0
github.com/heathcliff26/fleetlock/pkg/lock-manager/storage/mongodb/storage.go:36.2,44.16 7 0
github.com/heathcliff26/fleetlock/pkg/lock-manager/storage/mongodb/storage.go:44.16,46.3 1 0
github.com/heathcliff26/fleetlock/pkg/lock-manager/storage/mongodb/storage.go:48.2,49.16 2 0
github.com/heathcliff26/fleetlock/pkg/lock-manager/storage/mongodb/storage.go:49.16,51.3 1 0
github.com/heathcliff26/fleetlock/pkg/lock-manager/storage/mongodb/storage.go:53.2,58.8 2 0
github.com/heathcliff26/fleetlock/pkg/lock-manager/storage/mongodb/storage.go:63.65,73.2 4 0
github.com/heathcliff26/fleetlock/pkg/lock-manager/storage/mongodb/storage.go:76.62,80.2 3 0
github.com/heathcliff26/fleetlock/pkg/lock-manager/storage/mongodb/storage.go:84.65,93.2 4 0
github.com/heathcliff26/fleetlock/pkg/lock-manager/storage/mongodb/storage.go:96.80,97.26 1 0
github.com/heathcliff26/fleetlock/pkg/lock-manager/storage/mongodb/storage.go:101.73,109.19 4 0
github.com/heathcliff26/fleetlock/pkg/lock-manager/storage/mongodb/storage.go:110.28,111.20 1 0
github.com/heathcliff26/fleetlock/pkg/lock-manager/storage/mongodb/storage.go:112.11,113.19 1 0
github.com/heathcliff26/fleetlock/pkg/lock-manager/storage/mongodb/storage.go:114.10,115.26 1 0
github.com/heathcliff26/fleetlock/pkg/lock-manager/storage/mongodb/storage.go:120.40,122.2 1 0
github.com/heathcliff26/fleetlock/pkg/lock-manager/storage/sql/mysql.go:18.60,22.16 3 0
github.com/heathcliff26/fleetlock/pkg/lock-manager/storage/sql/mysql.go:22.16,24.3 1 0
github.com/heathcliff26/fleetlock/pkg/lock-manager/storage/sql/mysql.go:26.2,27.16 2 0
github.com/heathcliff26/fleetlock/pkg/lock-manager/storage/sql/mysql.go:27.16,29.3 1 0
github.com/heathcliff26/fleetlock/pkg/lock-manager/storage/sql/mysql.go:31.2,37.16 3 0
github.com/heathcliff26/fleetlock/pkg/lock-manager/storage/sql/mysql.go:37.16,39.3 1 0
github.com/heathcliff26/fleetlock/pkg/lock-manager/storage/sql/mysql.go:40.2,40.15 1 0
github.com/heathcliff26/fleetlock/pkg/lock-manager/storage/sql/postgres.go:34.66,38.16 3 0
github.com/heathcliff26/fleetlock/pkg/lock-manager/storage/sql/postgres.go:38.16,40.3 1 0
github.com/heathcliff26/fleetlock/pkg/lock-manager/storage/sql/postgres.go:42.2,43.16 2 0
github.com/heathcliff26/fleetlock/pkg/lock-manager/storage/sql/postgres.go:43.16,45.3 1 0
github.com/heathcliff26/fleetlock/pkg/lock-manager/storage/sql/postgres.go:47.2,53.16 3 0
github.com/heathcliff26/fleetlock/pkg/lock-manager/storage/sql/postgres.go:53.16,55.3 1 0
github.com/heathcliff26/fleetlock/pkg/lock-manager/storage/sql/postgres.go:56.2,56.15 1 0
github.com/heathcliff26/fleetlock/pkg/lock-manager/storage/sql/sqlite.go:14.62,16.16 2 0
github.com/heathcliff26/fleetlock/pkg/lock-manager/storage/sql/sqlite.go:16.16,18.3 1 0
github.com/heathcliff26/fleetlock/pkg/lock-manager/storage/sql/sqlite.go:20.2,23.16 3 0
github.com/heathcliff26/fleetlock/pkg/lock-manager/storage/sql/sqlite.go:23.16,25.3 1 0
github.com/heathcliff26/fleetlock/pkg/lock-manager/storage/sql/sqlite.go:27.2,33.16 3 0
github.com/heathcliff26/fleetlock/pkg/lock-manager/storage/sql/sqlite.go:33.16,35.3 1 0
github.com/heathcliff26/fleetlock/pkg/lock-manager/storage/sql/sqlite.go:36.2,36.15 1 0
github.com/heathcliff26/fleetlock/pkg/lock-manager/storage/sql/storage.go:46.35,48.24 2 0
github.com/heathcliff26/fleetlock/pkg/lock-manager/storage/sql/storage.go:49.18,53.24 4 0
github.com/heathcliff26/fleetlock/pkg/lock-manager/storage/sql/storage.go:54.10,58.20 4 0
github.com/heathcliff26/fleetlock/pkg/lock-manager/storage/sql/storage.go:61.2,62.16 2 0
github.com/heathcliff26/fleetlock/pkg/lock-manager/storage/sql/storage.go:62.16,64.3 1 0
github.com/heathcliff26/fleetlock/pkg/lock-manager/storage/sql/storage.go:66.2,67.16 2 0
github.com/heathcliff26/fleetlock/pkg/lock-manager/storage/sql/storage.go:67.16,69.3 1 0
github.com/heathcliff26/fleetlock/pkg/lock-manager/storage/sql/storage.go:71.2,72.16 2 0
github.com/heathcliff26/fleetlock/pkg/lock-manager/storage/sql/storage.go:72.16,74.3 1 0
github.com/heathcliff26/fleetlock/pkg/lock-manager/storage/sql/storage.go:76.2,77.16 2 0
github.com/heathcliff26/fleetlock/pkg/lock-manager/storage/sql/storage.go:77.16,79.3 1 0
github.com/heathcliff26/fleetlock/pkg/lock-manager/storage/sql/storage.go:81.2,82.16 2 0
github.com/heathcliff26/fleetlock/pkg/lock-manager/storage/sql/storage.go:82.16,84.3 1 0
github.com/heathcliff26/fleetlock/pkg/lock-manager/storage/sql/storage.go:86.2,86.12 1 0
github.com/heathcliff26/fleetlock/pkg/lock-manager/storage/sql/storage.go:91.61,93.16 2 0
github.com/heathcliff26/fleetlock/pkg/lock-manager/storage/sql/storage.go:93.16,95.3 1 0
github.com/heathcliff26/fleetlock/pkg/lock-manager/storage/sql/storage.go:97.2,97.12 1 0
github.com/heathcliff26/fleetlock/pkg/lock-manager/storage/sql/storage.go:101.58,103.16 2 0
github.com/heathcliff26/fleetlock/pkg/lock-manager/storage/sql/storage.go:103.16,105.3 1 0
github.com/heathcliff26/fleetlock/pkg/lock-manager/storage/sql/storage.go:106.2,108.18 2 0
github.com/heathcliff26/fleetlock/pkg/lock-manager/storage/sql/storage.go:108.18,110.17 2 0
github.com/heathcliff26/fleetlock/pkg/lock-manager/storage/sql/storage.go:110.17,112.4 1 0
github.com/heathcliff26/fleetlock/pkg/lock-manager/storage/sql/storage.go:113.3,113.16 1 0
github.com/heathcliff26/fleetlock/pkg/lock-manager/storage/sql/storage.go:116.2,118.16 3 0
github.com/heathcliff26/fleetlock/pkg/lock-manager/storage/sql/storage.go:118.16,120.3 1 0
github.com/heathcliff26/fleetlock/pkg/lock-manager/storage/sql/storage.go:121.2,121.19 1 0
github.com/heathcliff26/fleetlock/pkg/lock-manager/storage/sql/storage.go:126.61,128.16 2 0
github.com/heathcliff26/fleetlock/pkg/lock-manager/storage/sql/storage.go:128.16,130.3 1 0
github.com/heathcliff26/fleetlock/pkg/lock-manager/storage/sql/storage.go:132.2,132.12 1 0
github.com/heathcliff26/fleetlock/pkg/lock-manager/storage/sql/storage.go:136.76,137.15 1 0
github.com/heathcliff26/fleetlock/pkg/lock-manager/storage/sql/storage.go:141.62,143.16 2 0
github.com/heathcliff26/fleetlock/pkg/lock-manager/storage/sql/storage.go:143.16,145.3 1 0
github.com/heathcliff26/fleetlock/pkg/lock-manager/storage/sql/storage.go:146.2,150.16 4 0
github.com/heathcliff26/fleetlock/pkg/lock-manager/storage/sql/storage.go:150.16,152.3 1 0
github.com/heathcliff26/fleetlock/pkg/lock-manager/storage/sql/storage.go:153.2,153.17 1 0
github.com/heathcliff26/fleetlock/pkg/lock-manager/storage/sql/storage.go:157.36,159.2 1 0
github.com/heathcliff26/fleetlock/pkg/lock-manager/storage/sql/util.go:3.91,5.20 2 0
github.com/heathcliff26/fleetlock/pkg/lock-manager/storage/sql/util.go:5.20,7.21 2 0
github.com/heathcliff26/fleetlock/pkg/lock-manager/storage/sql/util.go:7.21,9.4 1 0
github.com/heathcliff26/fleetlock/pkg/lock-manager/storage/sql/util.go:10.3,10.17 1 0
github.com/heathcliff26/fleetlock/pkg/lock-manager/storage/sql/util.go:12.2,13.19 2 0
github.com/heathcliff26/fleetlock/pkg/lock-manager/storage/sql/util.go:13.19,15.3 1 0
github.com/heathcliff26/fleetlock/pkg/lock-manager/storage/sql/util.go:17.2,17.16 1 0
github.com/heathcliff26/fleetlock/pkg/lock-manager/storage/valkey/loadbalancer.go:33.91,47.16 6 0
github.com/heathcliff26/fleetlock/pkg/lock-manager/storage/valkey/loadbalancer.go:47.16,49.3 1 0
github.com/heathcliff26/fleetlock/pkg/lock-manager/storage/valkey/loadbalancer.go:51.2,54.24 3 0
github.com/heathcliff26/fleetlock/pkg/lock-manager/storage/valkey/loadbalancer.go:58.39,61.32 2 0
github.com/heathcliff26/fleetlock/pkg/lock-manager/storage/valkey/loadbalancer.go:61.32,66.17 4 0
github.com/heathcliff26/fleetlock/pkg/lock-manager/storage/valkey/loadbalancer.go:66.17,68.12 2 0
github.com/heathcliff26/fleetlock/pkg/lock-manager/storage/valkey/loadbalancer.go:70.3,74.17 4 0
github.com/heathcliff26/fleetlock/pkg/lock-manager/storage/valkey/loadbalancer.go:74.17,76.12 2 0
github.com/heathcliff26/fleetlock/pkg/lock-manager/storage/valkey/loadbalancer.go:78.3,79.85 2 0
github.com/heathcliff26/fleetlock/pkg/lock-manager/storage/valkey/loadbalancer.go:79.85,83.24 3 0
github.com/heathcliff26/fleetlock/pkg/lock-manager/storage/valkey/loadbalancer.go:83.24,88.5 3 0
github.com/heathcliff26/fleetlock/pkg/lock-manager/storage/valkey/loadbalancer.go:90.4,91.9 2 0
github.com/heathcliff26/fleetlock/pkg/lock-manager/storage/valkey/loadbalancer.go:95.2,95.11 1 0
github.com/heathcliff26/fleetlock/pkg/lock-manager/storage/valkey/loadbalancer.go:95.11,97.3 1 0
github.com/heathcliff26/fleetlock/pkg/lock-manager/storage/valkey/loadbalancer.go:101.47,103.2 1 0
github.com/heathcliff26/fleetlock/pkg/lock-manager/storage/valkey/loadbalancer.go:105.47,106.6 1 0
github.com/heathcliff26/fleetlock/pkg/lock-manager/storage/valkey/loadbalancer.go:106.6,109.10 2 0
github.com/heathcliff26/fleetlock/pkg/lock-manager/storage/valkey/loadbalancer.go:110.24,111.10 1 0
github.com/heathcliff26/fleetlock/pkg/lock-manager/storage/valkey/loadbalancer.go:112.53,112.53 0 0
github.com/heathcliff26/fleetlock/pkg/lock-manager/storage/valkey/loadbalancer.go:117.106,122.16 4 0
github.com/heathcliff26/fleetlock/pkg/lock-manager/storage/valkey/loadbalancer.go:122.16,124.3 1 0
github.com/heathcliff26/fleetlock/pkg/lock-manager/storage/valkey/loadbalancer.go:125.2,125.32 1 0
github.com/heathcliff26/fleetlock/pkg/lock-manager/storage/valkey/loadbalancer.go:128.33,130.2 1 0
github.com/heathcliff26/fleetlock/pkg/lock-manager/storage/valkey/storage.go:37.65,42.13 4 0
github.com/heathcliff26/fleetlock/pkg/lock-manager/storage/valkey/storage.go:42.13,46.3 1 0
github.com/heathcliff26/fleetlock/pkg/lock-manager/storage/valkey/storage.go:48.2,59.9 3 0
github.com/heathcliff26/fleetlock/pkg/lock-manager/storage/valkey/storage.go:60.28,68.38 3 0
github.com/heathcliff26/fleetlock/pkg/lock-manager/storage/valkey/storage.go:69.26,70.47 1 0
github.com/heathcliff26/fleetlock/pkg/lock-manager/storage/valkey/storage.go:71.10,72.38 1 0
github.com/heathcliff26/fleetlock/pkg/lock-manager/storage/valkey/storage.go:74.2,74.16 1 0
github.com/heathcliff26/fleetlock/pkg/lock-manager/storage/valkey/storage.go:74.16,76.3 1 0
github.com/heathcliff26/fleetlock/pkg/lock-manager/storage/valkey/storage.go:78.2,81.8 1 0
github.com/heathcliff26/fleetlock/pkg/lock-manager/storage/valkey/storage.go:86.64,94.16 6 0
github.com/heathcliff26/fleetlock/pkg/lock-manager/storage/valkey/storage.go:94.16,96.3 1 0
github.com/heathcliff26/fleetlock/pkg/lock-manager/storage/valkey/storage.go:98.2,98.8 1 0
github.com/heathcliff26/fleetlock/pkg/lock-manager/storage/valkey/storage.go:98.8,100.17 2 0
github.com/heathcliff26/fleetlock/pkg/lock-manager/storage/valkey/storage.go:100.17,102.4 1 0
github.com/heathcliff26/fleetlock/pkg/lock-manager/storage/valkey/storage.go:105.2,105.12 1 0
github.com/heathcliff26/fleetlock/pkg/lock-manager/storage/valkey/storage.go:109.61,112.16 3 0
github.com/heathcliff26/fleetlock/pkg/lock-manager/storage/valkey/storage.go:112.16,114.3 1 0
github.com/heathcliff26/fleetlock/pkg/lock-manager/storage/valkey/storage.go:115.2,115.25 1 0
github.com/heathcliff26/fleetlock/pkg/lock-manager/storage/valkey/storage.go:120.64,128.16 6 0
github.com/heathcliff26/fleetlock/pkg/lock-manager/storage/valkey/storage.go:128.16,130.3 1 0
github.com/heathcliff26/fleetlock/pkg/lock-manager/storage/valkey/storage.go:132.2,133.16 2 0
github.com/heathcliff26/fleetlock/pkg/lock-manager/storage/valkey/storage.go:133.16,135.3 1 0
github.com/heathcliff26/fleetlock/pkg/lock-manager/storage/valkey/storage.go:136.2,136.12 1 0
github.com/heathcliff26/fleetlock/pkg/lock-manager/storage/valkey/storage.go:140.79,141.26 1 0
github.com/heathcliff26/fleetlock/pkg/lock-manager/storage/valkey/storage.go:145.72,151.16 5 0
github.com/heathcliff26/fleetlock/pkg/lock-manager/storage/valkey/storage.go:151.16,153.3 1 0
github.com/heathcliff26/fleetlock/pkg/lock-manager/storage/valkey/storage.go:154.2,154.24 1 0
github.com/heathcliff26/fleetlock/pkg/lock-manager/storage/valkey/storage.go:158.39,159.17 1 0
github.com/heathcliff26/fleetlock/pkg/lock-manager/storage/valkey/storage.go:159.17,161.3 1 0
github.com/heathcliff26/fleetlock/pkg/lock-manager/storage/valkey/storage.go:162.2,163.12 2 0
github.com/heathcliff26/fleetlock/pkg/server/config.go:24.45,26.2 1 0
github.com/heathcliff26/fleetlock/pkg/server/config.go:29.37,30.22 1 0
github.com/heathcliff26/fleetlock/pkg/server/config.go:30.22,31.22 1 0
github.com/heathcliff26/fleetlock/pkg/server/config.go:31.22,33.4 1 0
github.com/heathcliff26/fleetlock/pkg/server/config.go:33.9,35.4 1 0
github.com/heathcliff26/fleetlock/pkg/server/config.go:40.43,41.21 1 0
github.com/heathcliff26/fleetlock/pkg/server/config.go:41.21,42.46 1 0
github.com/heathcliff26/fleetlock/pkg/server/config.go:42.46,44.4 1 0
github.com/heathcliff26/fleetlock/pkg/server/config.go:46.2,46.12 1 0
github.com/heathcliff26/fleetlock/pkg/server/errors.go:5.50,7.2 1 0
github.com/heathcliff26/fleetlock/pkg/server/server.go:32.134,34.16 2 0
github.com/heathcliff26/fleetlock/pkg/server/server.go:34.16,36.3 1 0
github.com/heathcliff26/fleetlock/pkg/server/server.go:38.2,38.16 1 0
github.com/heathcliff26/fleetlock/pkg/server/server.go:38.16,40.3 1 0
github.com/heathcliff26/fleetlock/pkg/server/server.go:42.2,46.8 1 0
github.com/heathcliff26/fleetlock/pkg/server/server.go:50.76,52.26 2 0
github.com/heathcliff26/fleetlock/pkg/server/server.go:53.24,54.31 1 0
github.com/heathcliff26/fleetlock/pkg/server/server.go:55.26,56.31 1 0
github.com/heathcliff26/fleetlock/pkg/server/server.go:60.2,60.70 1 0
github.com/heathcliff26/fleetlock/pkg/server/server.go:60.70,65.3 4 0
github.com/heathcliff26/fleetlock/pkg/server/server.go:67.2,68.16 2 0
github.com/heathcliff26/fleetlock/pkg/server/server.go:68.16,73.3 4 0
github.com/heathcliff26/fleetlock/pkg/server/server.go:75.2,75.107 1 0
github.com/heathcliff26/fleetlock/pkg/server/server.go:75.107,80.3 4 0
github.com/heathcliff26/fleetlock/pkg/server/server.go:82.2,82.28 1 0
github.com/heathcliff26/fleetlock/pkg/server/server.go:82.28,87.3 4 0
github.com/heathcliff26/fleetlock/pkg/server/server.go:89.2,89.24 1 0
github.com/heathcliff26/fleetlock/pkg/server/server.go:95.85,97.16 2 0
github.com/heathcliff26/fleetlock/pkg/server/server.go:97.16,102.3 4 0
github.com/heathcliff26/fleetlock/pkg/server/server.go:104.2,104.8 1 0
github.com/heathcliff26/fleetlock/pkg/server/server.go:104.8,106.47 2 0
github.com/heathcliff26/fleetlock/pkg/server/server.go:106.47,108.4 1 0
github.com/heathcliff26/fleetlock/pkg/server/server.go:109.3,109.31 1 0
github.com/heathcliff26/fleetlock/pkg/server/server.go:110.8,114.3 3 0
github.com/heathcliff26/fleetlock/pkg/server/server.go:120.85,121.49 1 0
github.com/heathcliff26/fleetlock/pkg/server/server.go:121.49,123.3 1 0
github.com/heathcliff26/fleetlock/pkg/server/server.go:125.2,126.16 2 0
github.com/heathcliff26/fleetlock/pkg/server/server.go:126.16,131.3 4 0
github.com/heathcliff26/fleetlock/pkg/server/server.go:132.2,133.30 2 0
github.com/heathcliff26/fleetlock/pkg/server/server.go:138.86,140.16 2 0
github.com/heathcliff26/fleetlock/pkg/server/server.go:140.16,142.3 1 0
github.com/heathcliff26/fleetlock/pkg/server/server.go:144.2,145.16 2 0
github.com/heathcliff26/fleetlock/pkg/server/server.go:145.16,150.3 4 0
github.com/heathcliff26/fleetlock/pkg/server/server.go:151.2,151.13 1 0
github.com/heathcliff26/fleetlock/pkg/server/server.go:151.13,154.3 2 0
github.com/heathcliff26/fleetlock/pkg/server/server.go:156.2,156.12 1 0
github.com/heathcliff26/fleetlock/pkg/server/server.go:156.12,158.17 2 0
github.com/heathcliff26/fleetlock/pkg/server/server.go:158.17,160.4 1 0
github.com/heathcliff26/fleetlock/pkg/server/server.go:160.9,162.4 1 0
github.com/heathcliff26/fleetlock/pkg/server/server.go:165.2,167.14 3 0
github.com/heathcliff26/fleetlock/pkg/server/server.go:172.89,174.16 2 0
github.com/heathcliff26/fleetlock/pkg/server/server.go:174.16,176.3 1 0
github.com/heathcliff26/fleetlock/pkg/server/server.go:178.2,179.16 2 0
github.com/heathcliff26/fleetlock/pkg/server/server.go:179.16,184.3 4 0
github.com/heathcliff26/fleetlock/pkg/server/server.go:185.2,186.13 2 0
github.com/heathcliff26/fleetlock/pkg/server/server.go:189.100,191.16 2 0
github.com/heathcliff26/fleetlock/pkg/server/server.go:191.16,196.3 4 0
github.com/heathcliff26/fleetlock/pkg/server/server.go:198.2,198.16 1 0
github.com/heathcliff26/fleetlock/pkg/server/server.go:198.16,200.3 1 0
github.com/heathcliff26/fleetlock/pkg/server/server.go:202.2,202.19 1 0
github.com/heathcliff26/fleetlock/pkg/server/server.go:207.77,213.2 3 0
github.com/heathcliff26/fleetlock/pkg/server/server.go:217.37,229.2 5 0
github.com/heathcliff26/fleetlock/pkg/server/server.go:232.30,233.25 1 0
github.com/heathcliff26/fleetlock/pkg/server/server.go:233.25,235.3 1 0
github.com/heathcliff26/fleetlock/pkg/server/server.go:237.2,238.15 2 0
github.com/heathcliff26/fleetlock/pkg/server/server.go:238.15,240.3 1 0
github.com/heathcliff26/fleetlock/pkg/server/server.go:242.2,243.23 2 0
github.com/heathcliff26/fleetlock/pkg/server/server.go:243.23,246.3 2 0
github.com/heathcliff26/fleetlock/pkg/server/server.go:246.8,249.3 2 0
github.com/heathcliff26/fleetlock/pkg/server/server.go:251.2,251.42 1 0
github.com/heathcliff26/fleetlock/pkg/server/server.go:251.42,254.3 2 0
github.com/heathcliff26/fleetlock/pkg/server/server.go:255.2,255.54 1 0
github.com/heathcliff26/fleetlock/pkg/server/server.go:258.35,259.25 1 0
github.com/heathcliff26/fleetlock/pkg/server/server.go:259.25,261.3 1 0
github.com/heathcliff26/fleetlock/pkg/server/server.go:263.2,265.16 3 0
github.com/heathcliff26/fleetlock/pkg/server/server.go:265.16,267.3 1 0
github.com/heathcliff26/fleetlock/pkg/server/server.go:268.2,269.12 2 0
github.com/heathcliff26/fleetlock/pkg/server/utils.go:9.43,11.21 2 0
github.com/heathcliff26/fleetlock/pkg/server/utils.go:11.21,13.3 1 0
github.com/heathcliff26/fleetlock/pkg/server/utils.go:14.2,14.21 1 0
github.com/heathcliff26/fleetlock/pkg/server/utils.go:14.21,16.3 1 0
github.com/heathcliff26/fleetlock/pkg/server/utils.go:17.2,17.18 1 0
github.com/heathcliff26/fleetlock/pkg/server/utils.go:21.52,23.16 2 0
github.com/heathcliff26/fleetlock/pkg/server/utils.go:23.16,26.3 2 0
github.com/heathcliff26/fleetlock/pkg/server/utils.go:28.2,29.16 2 0
github.com/heathcliff26/fleetlock/pkg/server/utils.go:29.16,31.3 1 0
github.com/heathcliff26/fleetlock/pkg/systemd-utils/utils.go:15.57,17.2 1 0
github.com/heathcliff26/fleetlock/pkg/systemd-utils/utils.go:20.61,25.16 3 0
github.com/heathcliff26/fleetlock/pkg/systemd-utils/utils.go:25.16,27.3 1 0
github.com/heathcliff26/fleetlock/pkg/systemd-utils/utils.go:28.2,29.16 2 0
github.com/heathcliff26/fleetlock/pkg/systemd-utils/utils.go:29.16,31.3 1 0
github.com/heathcliff26/fleetlock/pkg/systemd-utils/utils.go:33.2,44.35 7 0
github.com/heathcliff26/fleetlock/pkg/version/version.go:11.45,15.48 1 0
github.com/heathcliff26/fleetlock/pkg/version/version.go:15.48,17.4 1 0
github.com/heathcliff26/fleetlock/pkg/version/version.go:20.2,20.65 1 0
github.com/heathcliff26/fleetlock/pkg/version/version.go:20.66,20.67 0 0
github.com/heathcliff26/fleetlock/pkg/version/version.go:22.2,22.12 1 0
github.com/heathcliff26/fleetlock/pkg/version/version.go:26.23,29.2 2 0
github.com/heathcliff26/fleetlock/pkg/version/version.go:32.44,35.42 3 0
github.com/heathcliff26/fleetlock/pkg/version/version.go:35.42,36.33 1 0
github.com/heathcliff26/fleetlock/pkg/version/version.go:36.33,38.9 2 0
github.com/heathcliff26/fleetlock/pkg/version/version.go:41.2,41.21 1 0
github.com/heathcliff26/fleetlock/pkg/version/version.go:41.21,43.3 1 0
github.com/heathcliff26/fleetlock/pkg/version/version.go:43.8,43.25 1 0
github.com/heathcliff26/fleetlock/pkg/version/version.go:43.25,45.3 1 0
github.com/heathcliff26/fleetlock/pkg/version/version.go:47.2,52.15 5 0
github.com/heathcliff26/fleetlock/pkg/api/utils.go:10.65,13.16 3 5
github.com/heathcliff26/fleetlock/pkg/api/utils.go:13.16,15.3 1 1
github.com/heathcliff26/fleetlock/pkg/api/utils.go:16.2,16.17 1 4
github.com/heathcliff26/fleetlock/pkg/api/utils.go:20.67,23.16 3 4
github.com/heathcliff26/fleetlock/pkg/api/utils.go:23.16,25.3 1 1
github.com/heathcliff26/fleetlock/pkg/api/utils.go:26.2,26.17 1 3
github.com/heathcliff26/fleetlock/pkg/api/utils.go:30.58,38.16 3 6
github.com/heathcliff26/fleetlock/pkg/api/utils.go:38.16,40.3 1 0
github.com/heathcliff26/fleetlock/pkg/api/utils.go:41.2,41.35 1 6
github.com/heathcliff26/fleetlock/pkg/client/client.go:20.61,22.16 2 0
github.com/heathcliff26/fleetlock/pkg/client/client.go:22.16,24.3 1 0
github.com/heathcliff26/fleetlock/pkg/client/client.go:26.2,27.16 2 0
github.com/heathcliff26/fleetlock/pkg/client/client.go:27.16,29.3 1 0
github.com/heathcliff26/fleetlock/pkg/client/client.go:31.2,32.16 2 0
github.com/heathcliff26/fleetlock/pkg/client/client.go:32.16,34.3 1 0
github.com/heathcliff26/fleetlock/pkg/client/client.go:36.2,36.15 1 0
github.com/heathcliff26/fleetlock/pkg/client/client.go:40.49,42.16 2 0
github.com/heathcliff26/fleetlock/pkg/client/client.go:42.16,44.3 1 0
github.com/heathcliff26/fleetlock/pkg/client/client.go:46.2,48.8 1 0
github.com/heathcliff26/fleetlock/pkg/client/client.go:52.40,54.16 2 0
github.com/heathcliff26/fleetlock/pkg/client/client.go:54.16,56.3 1 0
github.com/heathcliff26/fleetlock/pkg/client/client.go:56.8,56.15 1 0
github.com/heathcliff26/fleetlock/pkg/client/client.go:56.15,58.3 1 0
github.com/heathcliff26/fleetlock/pkg/client/client.go:59.2,59.91 1 0
github.com/heathcliff26/fleetlock/pkg/client/client.go:63.43,65.16 2 0
github.com/heathcliff26/fleetlock/pkg/client/client.go:65.16,67.3 1 0
github.com/heathcliff26/fleetlock/pkg/client/client.go:67.8,67.15 1 0
github.com/heathcliff26/fleetlock/pkg/client/client.go:67.15,69.3 1 0
github.com/heathcliff26/fleetlock/pkg/client/client.go:70.2,70.92 1 0
github.com/heathcliff26/fleetlock/pkg/client/client.go:73.87,78.16 4 0
github.com/heathcliff26/fleetlock/pkg/client/client.go:78.16,80.3 1 0
github.com/heathcliff26/fleetlock/pkg/client/client.go:81.2,82.16 2 0
github.com/heathcliff26/fleetlock/pkg/client/client.go:82.16,84.3 1 0
github.com/heathcliff26/fleetlock/pkg/client/client.go:85.2,89.16 4 0
github.com/heathcliff26/fleetlock/pkg/client/client.go:89.16,91.3 1 0
github.com/heathcliff26/fleetlock/pkg/client/client.go:93.2,94.16 2 0
github.com/heathcliff26/fleetlock/pkg/client/client.go:94.16,96.3 1 0
github.com/heathcliff26/fleetlock/pkg/client/client.go:98.2,98.54 1 0
github.com/heathcliff26/fleetlock/pkg/client/client.go:102.43,103.14 1 0
github.com/heathcliff26/fleetlock/pkg/client/client.go:103.14,105.3 1 0
github.com/heathcliff26/fleetlock/pkg/client/client.go:107.2,110.14 3 0
github.com/heathcliff26/fleetlock/pkg/client/client.go:114.52,118.15 3 0
github.com/heathcliff26/fleetlock/pkg/client/client.go:118.15,120.3 1 0
github.com/heathcliff26/fleetlock/pkg/client/client.go:121.2,122.12 2 0
github.com/heathcliff26/fleetlock/pkg/client/client.go:126.45,127.14 1 0
github.com/heathcliff26/fleetlock/pkg/client/client.go:127.14,129.3 1 0
github.com/heathcliff26/fleetlock/pkg/client/client.go:131.2,134.16 3 0
github.com/heathcliff26/fleetlock/pkg/client/client.go:138.56,142.17 3 0
github.com/heathcliff26/fleetlock/pkg/client/client.go:142.17,144.3 1 0
github.com/heathcliff26/fleetlock/pkg/client/client.go:145.2,146.12 2 0
github.com/heathcliff26/fleetlock/pkg/client/client.go:150.42,151.14 1 0
github.com/heathcliff26/fleetlock/pkg/client/client.go:151.14,153.3 1 0
github.com/heathcliff26/fleetlock/pkg/client/client.go:155.2,158.16 3 0
github.com/heathcliff26/fleetlock/pkg/client/client.go:162.50,166.14 3 0
github.com/heathcliff26/fleetlock/pkg/client/client.go:166.14,168.3 1 0
github.com/heathcliff26/fleetlock/pkg/client/client.go:169.2,170.12 2 0
github.com/heathcliff26/fleetlock/pkg/client/utils.go:12.37,14.16 2 0
github.com/heathcliff26/fleetlock/pkg/client/utils.go:14.16,16.3 1 0
github.com/heathcliff26/fleetlock/pkg/client/utils.go:17.2,18.23 2 0
github.com/heathcliff26/fleetlock/pkg/client/utils.go:22.40,24.16 2 0
github.com/heathcliff26/fleetlock/pkg/client/utils.go:24.16,26.3 1 0
github.com/heathcliff26/fleetlock/pkg/client/utils.go:28.2,29.16 2 0
github.com/heathcliff26/fleetlock/pkg/client/utils.go:29.16,31.3 1 0
github.com/heathcliff26/fleetlock/pkg/client/utils.go:32.2,32.19 1 0
github.com/heathcliff26/fleetlock/pkg/client/utils.go:38.43,40.11 2 0
github.com/heathcliff26/fleetlock/pkg/client/utils.go:40.11,42.3 1 0
github.com/heathcliff26/fleetlock/pkg/client/utils.go:43.2,43.12 1 0
github.com/heathcliff26/fleetlock/pkg/config/config.go:21.13,28.2 4 0
github.com/heathcliff26/fleetlock/pkg/config/config.go:39.38,40.32 1 0
github.com/heathcliff26/fleetlock/pkg/config/config.go:41.15,42.32 1 0
github.com/heathcliff26/fleetlock/pkg/config/config.go:43.14,44.31 1 0
github.com/heathcliff26/fleetlock/pkg/config/config.go:45.14,46.31 1 0
github.com/heathcliff26/fleetlock/pkg/config/config.go:47.15,48.32 1 0
github.com/heathcliff26/fleetlock/pkg/config/config.go:49.10,50.38 1 0
github.com/heathcliff26/fleetlock/pkg/config/config.go:52.2,52.12 1 0
github.com/heathcliff26/fleetlock/pkg/config/config.go:55.30,62.2 1 0
github.com/heathcliff26/fleetlock/pkg/config/config.go:67.57,70.16 2 0
github.com/heathcliff26/fleetlock/pkg/config/config.go:70.16,73.3 2 0
github.com/heathcliff26/fleetlock/pkg/config/config.go:76.2,77.16 2 0
github.com/heathcliff26/fleetlock/pkg/config/config.go:77.16,79.3 1 0
github.com/heathcliff26/fleetlock/pkg/config/config.go:81.2,81.9 1 0
github.com/heathcliff26/fleetlock/pkg/config/config.go:81.9,83.3 1 0
github.com/heathcliff26/fleetlock/pkg/config/config.go:85.2,86.16 2 0
github.com/heathcliff26/fleetlock/pkg/config/config.go:86.16,88.3 1 0
github.com/heathcliff26/fleetlock/pkg/config/config.go:90.2,93.16 3 0
github.com/heathcliff26/fleetlock/pkg/config/config.go:93.16,95.3 1 0
github.com/heathcliff26/fleetlock/pkg/config/config.go:97.2,97.15 1 0
github.com/heathcliff26/fleetlock/pkg/config/config.go:100.29,102.21 2 0
github.com/heathcliff26/fleetlock/pkg/config/config.go:102.21,104.3 1 0
github.com/heathcliff26/fleetlock/pkg/config/config.go:106.2,106.65 1 0
github.com/heathcliff26/fleetlock/pkg/config/config.go:109.35,111.16 2 0
github.com/heathcliff26/fleetlock/pkg/config/config.go:111.16,113.3 1 0
github.com/heathcliff26/fleetlock/pkg/config/config.go:115.2,116.16 2 0
github.com/heathcliff26/fleetlock/pkg/config/config.go:116.16,118.3 1 0
github.com/heathcliff26/fleetlock/pkg/config/config.go:120.2,121.16 2 0
github.com/heathcliff26/fleetlock/pkg/config/config.go:121.16,123.3 1 0
github.com/heathcliff26/fleetlock/pkg/config/config.go:125.2,125.12 1 0
github.com/heathcliff26/fleetlock/pkg/config/errors.go:7.48,11.2 1 0
github.com/heathcliff26/fleetlock/pkg/config/errors.go:13.45,15.2 1 0
github.com/heathcliff26/fleetlock/pkg/fake/server.go:32.75,42.2 3 0
github.com/heathcliff26/fleetlock/pkg/fake/server.go:44.79,46.18 2 0
github.com/heathcliff26/fleetlock/pkg/fake/server.go:46.18,48.3 1 0
github.com/heathcliff26/fleetlock/pkg/fake/server.go:50.2,56.19 5 0
github.com/heathcliff26/fleetlock/pkg/fake/server.go:56.19,58.3 1 0
github.com/heathcliff26/fleetlock/pkg/fake/server.go:58.8,60.3 1 0
github.com/heathcliff26/fleetlock/pkg/fake/server.go:61.2,61.16 1 0
github.com/heathcliff26/fleetlock/pkg/fake/server.go:61.16,63.3 1 0
github.com/heathcliff26/fleetlock/pkg/fake/server.go:63.8,65.3 1 0
github.com/heathcliff26/fleetlock/pkg/fake/server.go:67.2,72.80 3 0
github.com/heathcliff26/fleetlock/pkg/fake/server.go:72.80,74.3 1 0
github.com/heathcliff26/fleetlock/pkg/fake/server.go:76.2,77.72 2 0
github.com/heathcliff26/fleetlock/pkg/fake/server.go:81.35,83.2 1 0
github.com/heathcliff26/fleetlock/pkg/fake/server.go:86.30,87.33 1 0
github.com/heathcliff26/fleetlock/pkg/fake/server.go:87.33,89.3 1 0
github.com/heathcliff26/fleetlock/pkg/fleetctl/appid.go:12.36,16.52 1 0
github.com/heathcliff26/fleetlock/pkg/fleetctl/appid.go:16.52,18.18 2 0
github.com/heathcliff26/fleetlock/pkg/fleetctl/appid.go:18.18,20.5 1 0
github.com/heathcliff26/fleetlock/pkg/fleetctl/appid.go:22.4,23.19 2 0
github.com/heathcliff26/fleetlock/pkg/fleetctl/appid.go:23.19,25.5 1 0
github.com/heathcliff26/fleetlock/pkg/fleetctl/appid.go:25.10,27.5 1 0
github.com/heathcliff26/fleetlock/pkg/fleetctl/appid.go:28.4,28.18 1 0
github.com/heathcliff26/fleetlock/pkg/fleetctl/appid.go:28.18,30.5 1 0
github.com/heathcliff26/fleetlock/pkg/fleetctl/appid.go:31.4,33.14 2 0
github.com/heathcliff26/fleetlock/pkg/fleetctl/appid.go:36.2,38.12 2 0
github.com/heathcliff26/fleetlock/pkg/fleetctl/lock.go:8.38,13.55 1 0
github.com/heathcliff26/fleetlock/pkg/fleetctl/lock.go:13.55,15.18 2 0
github.com/heathcliff26/fleetlock/pkg/fleetctl/lock.go:15.18,17.5 1 0
github.com/heathcliff26/fleetlock/pkg/fleetctl/lock.go:19.4,20.18 2 0
github.com/heathcliff26/fleetlock/pkg/fleetctl/lock.go:20.18,22.5 1 0
github.com/heathcliff26/fleetlock/pkg/fleetctl/lock.go:24.4,25.14 2 0
github.com/heathcliff26/fleetlock/pkg/fleetctl/lock.go:28.2,30.12 2 0
github.com/heathcliff26/fleetlock/pkg/fleetctl/release.go:8.41,13.55 1 0
github.com/heathcliff26/fleetlock/pkg/fleetctl/release.go:13.55,15.18 2 0
github.com/heathcliff26/fleetlock/pkg/fleetctl/release.go:15.18,17.5 1 0
github.com/heathcliff26/fleetlock/pkg/fleetctl/release.go:19.4,20.18 2 0
github.com/heathcliff26/fleetlock/pkg/fleetctl/release.go:20.18,22.5 1 0
github.com/heathcliff26/fleetlock/pkg/fleetctl/release.go:24.4,25.14 2 0
github.com/heathcliff26/fleetlock/pkg/fleetctl/release.go:28.2,30.12 2 0
github.com/heathcliff26/fleetlock/pkg/fleetctl/root.go:10.38,12.32 1 0
github.com/heathcliff26/fleetlock/pkg/fleetctl/root.go:12.32,14.4 1 0
github.com/heathcliff26/fleetlock/pkg/fleetctl/root.go:17.2,20.52 1 0
github.com/heathcliff26/fleetlock/pkg/fleetctl/root.go:20.52,22.4 1 0
github.com/heathcliff26/fleetlock/pkg/fleetctl/root.go:25.2,32.16 2 0
github.com/heathcliff26/fleetlock/pkg/fleetctl/root.go:35.16,38.16 3 0
github.com/heathcliff26/fleetlock/pkg/fleetctl/root.go:38.16,40.3 1 0
github.com/heathcliff26/fleetlock/pkg/fleetctl/utils.go:16.46,19.2 2 0
github.com/heathcliff26/fleetlock/pkg/fleetctl/utils.go:22.91,24.16 2 0
github.com/heathcliff26/fleetlock/pkg/fleetctl/utils.go:24.16,26.3 1 0
github.com/heathcliff26/fleetlock/pkg/fleetctl/utils.go:28.2,29.16 2 0
github.com/heathcliff26/fleetlock/pkg/fleetctl/utils.go:29.16,31.3 1 0
github.com/heathcliff26/fleetlock/pkg/fleetctl/utils.go:33.2,33.19 1 0
github.com/heathcliff26/fleetlock/pkg/fleetctl/utils.go:33.19,35.3 1 0
github.com/heathcliff26/fleetlock/pkg/fleetctl/utils.go:36.2,37.16 2 0
github.com/heathcliff26/fleetlock/pkg/fleetctl/utils.go:37.16,39.3 1 0
github.com/heathcliff26/fleetlock/pkg/fleetctl/utils.go:41.2,41.14 1 0
github.com/heathcliff26/fleetlock/pkg/fleetctl/utils.go:41.14,43.17 2 0
github.com/heathcliff26/fleetlock/pkg/fleetctl/utils.go:43.17,45.4 1 0
github.com/heathcliff26/fleetlock/pkg/fleetctl/utils.go:48.2,48.15 1 0
github.com/heathcliff26/fleetlock/pkg/fleetctl/utils.go:52.47,55.2 2 0
github.com/heathcliff26/fleetlock/pkg/fleetlock/root.go:16.38,18.32 1 0
github.com/heathcliff26/fleetlock/pkg/fleetlock/root.go:18.32,20.4 1 0
github.com/heathcliff26/fleetlock/pkg/fleetlock/root.go:23.2,26.52 1 0
github.com/heathcliff26/fleetlock/pkg/fleetlock/root.go:26.52,28.18 2 0
github.com/heathcliff26/fleetlock/pkg/fleetlock/root.go:28.18,30.5 1 0
github.com/heathcliff26/fleetlock/pkg/fleetlock/root.go:32.4,33.18 2 0
github.com/heathcliff26/fleetlock/pkg/fleetlock/root.go:33.18,35.5 1 0
github.com/heathcliff26/fleetlock/pkg/fleetlock/root.go:37.4,38.14 2 0
github.com/heathcliff26/fleetlock/pkg/fleetlock/root.go:42.2,48.16 4 0
github.com/heathcliff26/fleetlock/pkg/fleetlock/root.go:51.16,54.16 3 0
github.com/heathcliff26/fleetlock/pkg/fleetlock/root.go:54.16,56.3 1 0
github.com/heathcliff26/fleetlock/pkg/fleetlock/root.go:59.59,61.16 2 0
github.com/heathcliff26/fleetlock/pkg/fleetlock/root.go:61.16,63.3 1 0
github.com/heathcliff26/fleetlock/pkg/fleetlock/root.go:65.2,66.16 2 0
github.com/heathcliff26/fleetlock/pkg/fleetlock/root.go:66.16,68.3 1 0
github.com/heathcliff26/fleetlock/pkg/fleetlock/root.go:70.2,71.16 2 0
github.com/heathcliff26/fleetlock/pkg/fleetlock/root.go:71.16,73.3 1 0
github.com/heathcliff26/fleetlock/pkg/fleetlock/root.go:74.2,75.16 2 0
github.com/heathcliff26/fleetlock/pkg/fleetlock/root.go:75.16,77.3 1 0
github.com/heathcliff26/fleetlock/pkg/fleetlock/root.go:81.47,84.2 2 0
github.com/heathcliff26/fleetlock/pkg/k8s/client.go:29.48,31.33 2 0
github.com/heathcliff26/fleetlock/pkg/k8s/client.go:31.33,33.3 1 0
github.com/heathcliff26/fleetlock/pkg/k8s/client.go:33.8,33.23 1 0
github.com/heathcliff26/fleetlock/pkg/k8s/client.go:33.23,35.3 1 0
github.com/heathcliff26/fleetlock/pkg/k8s/client.go:37.2,38.16 2 0
github.com/heathcliff26/fleetlock/pkg/k8s/client.go:38.16,40.3 1 0
github.com/heathcliff26/fleetlock/pkg/k8s/client.go:42.2,42.36 1 0
github.com/heathcliff26/fleetlock/pkg/k8s/client.go:42.36,44.3 1 0
github.com/heathcliff26/fleetlock/pkg/k8s/client.go:46.2,51.8 1 0
github.com/heathcliff26/fleetlock/pkg/k8s/client.go:55.49,62.2 2 0
github.com/heathcliff26/fleetlock/pkg/k8s/client.go:66.47,72.16 5 0
github.com/heathcliff26/fleetlock/pkg/k8s/client.go:72.16,74.3 1 0
github.com/heathcliff26/fleetlock/pkg/k8s/client.go:76.2,77.16 2 0
github.com/heathcliff26/fleetlock/pkg/k8s/client.go:77.16,79.18 2 0
github.com/heathcliff26/fleetlock/pkg/k8s/client.go:79.18,81.4 1 0
github.com/heathcliff26/fleetlock/pkg/k8s/client.go:82.3,82.13 1 0
github.com/heathcliff26/fleetlock/pkg/k8s/client.go:85.2,85.24 1 0
github.com/heathcliff26/fleetlock/pkg/k8s/client.go:89.68,91.16 2 0
github.com/heathcliff26/fleetlock/pkg/k8s/client.go:91.16,93.3 1 0
github.com/heathcliff26/fleetlock/pkg/k8s/client.go:95.2,98.16 2 0
github.com/heathcliff26/fleetlock/pkg/k8s/client.go:98.16,100.3 1 0
github.com/heathcliff26/fleetlock/pkg/k8s/client.go:102.2,103.33 2 0
github.com/heathcliff26/fleetlock/pkg/k8s/client.go:103.33,105.62 1 0
github.com/heathcliff26/fleetlock/pkg/k8s/client.go:105.62,106.12 1 0
github.com/heathcliff26/fleetlock/pkg/k8s/client.go:109.3,110.58 2 0
github.com/heathcliff26/fleetlock/pkg/k8s/client.go:110.58,111.12 1 0
github.com/heathcliff26/fleetlock/pkg/k8s/client.go:114.3,125.17 2 0
github.com/heathcliff26/fleetlock/pkg/k8s/client.go:125.17,128.12 3 0
github.com/heathcliff26/fleetlock/pkg/k8s/client.go:130.3,133.10 3 0
github.com/heathcliff26/fleetlock/pkg/k8s/client.go:134.21,136.26 2 0
github.com/heathcliff26/fleetlock/pkg/k8s/client.go:136.26,138.5 1 0
github.com/heathcliff26/fleetlock/pkg/k8s/client.go:139.4,139.15 1 0
github.com/heathcliff26/fleetlock/pkg/k8s/client.go:140.11,140.11 0 0
github.com/heathcliff26/fleetlock/pkg/k8s/client.go:143.3,143.11 1 0
github.com/heathcliff26/fleetlock/pkg/k8s/client.go:143.11,144.9 1 0
github.com/heathcliff26/fleetlock/pkg/k8s/client.go:148.2,148.20 1 0
github.com/heathcliff26/fleetlock/pkg/k8s/client.go:152.72,154.16 2 0
github.com/heathcliff26/fleetlock/pkg/k8s/client.go:154.16,156.3 1 0
github.com/heathcliff26/fleetlock/pkg/k8s/client.go:158.2,158.35 1 0
github.com/heathcliff26/fleetlock/pkg/k8s/client.go:158.35,161.17 3 0
github.com/heathcliff26/fleetlock/pkg/k8s/client.go:161.17,163.4 1 0
github.com/heathcliff26/fleetlock/pkg/k8s/client.go:165.3,165.25 1 0
github.com/heathcliff26/fleetlock/pkg/k8s/client.go:165.25,168.4 2 0
github.com/heathcliff26/fleetlock/pkg/k8s/client.go:171.2,171.16 1 0
github.com/heathcliff26/fleetlock/pkg/k8s/client.go:175.50,177.16 2 0
github.com/heathcliff26/fleetlock/pkg/k8s/client.go:177.16,179.3 1 0
github.com/heathcliff26/fleetlock/pkg/k8s/client.go:181.2,181.115 1 0
github.com/heathcliff26/fleetlock/pkg/k8s/client.go:185.55,189.24 4 0
github.com/heathcliff26/fleetlock/pkg/k8s/client.go:189.24,191.3 1 0
github.com/heathcliff26/fleetlock/pkg/k8s/client.go:192.2,193.30 2 0
github.com/heathcliff26/fleetlock/pkg/k8s/client.go:193.30,195.3 1 0
github.com/heathcliff26/fleetlock/pkg/k8s/client.go:197.2,197.51 1 0
github.com/heathcliff26/fleetlock/pkg/k8s/client.go:197.51,200.3 2 0
github.com/heathcliff26/fleetlock/pkg/k8s/client.go:201.2,201.19 1 0
github.com/heathcliff26/fleetlock/pkg/k8s/config.go:9.32,13.2 1 0
github.com/heathcliff26/fleetlock/pkg/k8s/errors.go:5.43,7.2 1 0
github.com/heathcliff26/fleetlock/pkg/k8s/errors.go:9.51,11.2 1 0
github.com/heathcliff26/fleetlock/pkg/k8s/errors.go:15.36,17.2 1 0
github.com/heathcliff26/fleetlock/pkg/k8s/errors.go:19.44,21.2 1 0
github.com/heathcliff26/fleetlock/pkg/k8s/errors.go:25.35,27.2 1 0
github.com/heathcliff26/fleetlock/pkg/k8s/errors.go:29.43,31.2 1 0
github.com/heathcliff26/fleetlock/pkg/k8s/errors.go:35.49,37.2 1 0
github.com/heathcliff26/fleetlock/pkg/k8s/errors.go:39.57,41.2 1 0
github.com/heathcliff26/fleetlock/pkg/k8s/lease.go:30.65,35.2 1 0
github.com/heathcliff26/fleetlock/pkg/k8s/lease.go:39.48,41.16 2 0
github.com/heathcliff26/fleetlock/pkg/k8s/lease.go:41.16,43.3 1 0
github.com/heathcliff26/fleetlock/pkg/k8s/lease.go:45.2,46.12 2 0
github.com/heathcliff26/fleetlock/pkg/k8s/lease.go:50.67,63.16 3 0
github.com/heathcliff26/fleetlock/pkg/k8s/lease.go:63.16,65.3 1 0
github.com/heathcliff26/fleetlock/pkg/k8s/lease.go:67.2,68.12 2 0
github.com/heathcliff26/fleetlock/pkg/k8s/lease.go:72.51,74.16 2 0
github.com/heathcliff26/fleetlock/pkg/k8s/lease.go:74.16,76.3 1 0
github.com/heathcliff26/fleetlock/pkg/k8s/lease.go:78.2,79.12 2 0
github.com/heathcliff26/fleetlock/pkg/k8s/lease.go:82.66,83.20 1 0
github.com/heathcliff26/fleetlock/pkg/k8s/lease.go:83.20,85.17 2 0
github.com/heathcliff26/fleetlock/pkg/k8s/lease.go:85.17,87.4 1 0
github.com/heathcliff26/fleetlock/pkg/k8s/lease.go:90.2,91.9 2 0
github.com/heathcliff26/fleetlock/pkg/k8s/lease.go:91.9,93.3 1 0
github.com/heathcliff26/fleetlock/pkg/k8s/lease.go:94.2,94.37 1 0
github.com/heathcliff26/fleetlock/pkg/k8s/lease.go:98.66,100.28 2 0
github.com/heathcliff26/fleetlock/pkg/k8s/lease.go:100.28,102.3 1 0
github.com/heathcliff26/fleetlock/pkg/k8s/lease.go:103.2,103.19 1 0
github.com/heathcliff26/fleetlock/pkg/k8s/lease.go:108.64,110.16 2 0
github.com/heathcliff26/fleetlock/pkg/k8s/lease.go:110.16,112.3 1 0
github.com/heathcliff26/fleetlock/pkg/k8s/lease.go:114.2,114.32 1 0
github.com/heathcliff26/fleetlock/pkg/k8s/lease.go:114.32,116.3 1 0
github.com/heathcliff26/fleetlock/pkg/k8s/lease.go:118.2,121.12 3 0
github.com/heathcliff26/fleetlock/pkg/k8s/lease.go:125.65,127.28 2 0
github.com/heathcliff26/fleetlock/pkg/k8s/lease.go:127.28,129.3 1 0
github.com/heathcliff26/fleetlock/pkg/k8s/lease.go:129.8,129.23 1 0
github.com/heathcliff26/fleetlock/pkg/k8s/lease.go:129.23,131.3 1 0
github.com/heathcliff26/fleetlock/pkg/k8s/lease.go:133.2,133.119 1 0
github.com/heathcliff26/fleetlock/pkg/k8s/lease.go:133.119,135.3 1 0
github.com/heathcliff26/fleetlock/pkg/k8s/lease.go:137.2,139.34 2 0
github.com/heathcliff26/fleetlock/pkg/k8s/lease.go:139.34,140.57 1 0
github.com/heathcliff26/fleetlock/pkg/k8s/lease.go:140.57,142.18 2 0
github.com/heathcliff26/fleetlock/pkg/k8s/lease.go:142.18,144.5 1 0
github.com/heathcliff26/fleetlock/pkg/k8s/lease.go:147.3,151.17 4 0
github.com/heathcliff26/fleetlock/pkg/k8s/lease.go:151.17,153.4 1 0
github.com/heathcliff26/fleetlock/pkg/k8s/lease.go:154.8,156.3 1 0
github.com/heathcliff26/fleetlock/pkg/k8s/lease.go:158.2,158.12 1 0
github.com/heathcliff26/fleetlock/pkg/k8s/lease.go:162.49,163.20 1 0
github.com/heathcliff26/fleetlock/pkg/k8s/lease.go:163.20,165.17 2 0
github.com/heathcliff26/fleetlock/pkg/k8s/lease.go:165.17,167.4 1 0
github.com/heathcliff26/fleetlock/pkg/k8s/lease.go:170.2,172.16 3 0
github.com/heathcliff26/fleetlock/pkg/k8s/lease.go:172.16,174.3 1 0
github.com/heathcliff26/fleetlock/pkg/k8s/lease.go:175.2,175.12 1 0
github.com/heathcliff26/fleetlock/pkg/k8s/lease.go:179.51,181.28 2 0
github.com/heathcliff26/fleetlock/pkg/k8s/lease.go:181.28,183.3 1 0
github.com/heathcliff26/fleetlock/pkg/k8s/lease.go:183.8,185.3 1 0
github.com/heathcliff26/fleetlock/pkg/k8s/lease.go:190.59,191.20 1 0
github.com/heathcliff26/fleetlock/pkg/k8s/lease.go:191.20,193.29 2 0
github.com/heathcliff26/fleetlock/pkg/k8s/lease.go:193.29,195.4 1 0
github.com/heathcliff26/fleetlock/pkg/k8s/lease.go:195.9,195.24 1 0
github.com/heathcliff26/fleetlock/pkg/k8s/lease.go:195.24,197.4 1 0
github.com/heathcliff26/fleetlock/pkg/k8s/lease.go:200.2,200.60 1 0
github.com/heathcliff26/fleetlock/pkg/k8s/lease.go:204.50,206.16 2 0
github.com/heathcliff26/fleetlock/pkg/k8s/lease.go:206.16,208.3 1 0
github.com/heathcliff26/fleetlock/pkg/k8s/lease.go:210.2,213.16 3 0
github.com/heathcliff26/fleetlock/pkg/k8s/lease.go:213.16,215.3 1 0
github.com/heathcliff26/fleetlock/pkg/k8s/lease.go:216.2,216.12 1 0
github.com/heathcliff26/fleetlock/pkg/k8s/utils.go:7.39,9.2 1 0
github.com/heathcliff26/fleetlock/pkg/k8s/utils.go:11.50,13.2 1 0
github.com/heathcliff26/fleetlock/pkg/k8s/utils/errors.go:10.57,15.2 1 0
github.com/heathcliff26/fleetlock/pkg/k8s/utils/errors.go:17.44,19.2 1 0
github.com/heathcliff26/fleetlock/pkg/k8s/utils/utils.go:19.37,21.16 2 0
github.com/heathcliff26/fleetlock/pkg/k8s/utils/utils.go:21.16,22.38 1 0
github.com/heathcliff26/fleetlock/pkg/k8s/utils/utils.go:22.38,24.4 1 0
github.com/heathcliff26/fleetlock/pkg/k8s/utils/utils.go:24.9,26.4 1 0
github.com/heathcliff26/fleetlock/pkg/k8s/utils/utils.go:29.2,30.18 2 0
github.com/heathcliff26/fleetlock/pkg/k8s/utils/utils.go:30.18,32.3 1 0
github.com/heathcliff26/fleetlock/pkg/k8s/utils/utils.go:33.2,33.16 1 0
github.com/heathcliff26/fleetlock/pkg/k8s/utils/utils.go:37.74,40.22 3 0
github.com/heathcliff26/fleetlock/pkg/k8s/utils/utils.go:40.22,42.3 1 0
github.com/heathcliff26/fleetlock/pkg/k8s/utils/utils.go:42.8,44.3 1 0
github.com/heathcliff26/fleetlock/pkg/k8s/utils/utils.go:45.2,45.16 1 0
github.com/heathcliff26/fleetlock/pkg/k8s/utils/utils.go:45.16,47.3 1 0
github.com/heathcliff26/fleetlock/pkg/k8s/utils/utils.go:49.2,49.40 1 0
github.com/heathcliff26/fleetlock/pkg/k8s/utils/utils.go:53.29,55.2 1 0
github.com/heathcliff26/fleetlock/pkg/lock-manager/config.go:30.46,34.2 1 0
github.com/heathcliff26/fleetlock/pkg/lock-manager/config.go:36.32,42.2 3 0
github.com/heathcliff26/fleetlock/pkg/lock-manager/config.go:44.34,45.22 1 0
github.com/heathcliff26/fleetlock/pkg/lock-manager/config.go:45.22,46.18 1 0
github.com/heathcliff26/fleetlock/pkg/lock-manager/config.go:46.18,48.4 1 0
github.com/heathcliff26/fleetlock/pkg/lock-manager/config.go:50.2,50.12 1 0
github.com/heathcliff26/fleetlock/pkg/lock-manager/manager.go:47.80,50.25 3 0
github.com/heathcliff26/fleetlock/pkg/lock-manager/manager.go:51.16,54.25 3 0
github.com/heathcliff26/fleetlock/pkg/lock-manager/manager.go:54.25,57.4 2 0
github.com/heathcliff26/fleetlock/pkg/lock-manager/manager.go:58.3,58.48 1 0
github.com/heathcliff26/fleetlock/pkg/lock-manager/manager.go:59.16,60.57 1 0
github.com/heathcliff26/fleetlock/pkg/lock-manager/manager.go:61.18,62.61 1 0
github.com/heathcliff26/fleetlock/pkg/lock-manager/manager.go:63.15,64.55 1 0
github.com/heathcliff26/fleetlock/pkg/lock-manager/manager.go:65.16,66.60 1 0
github.com/heathcliff26/fleetlock/pkg/lock-manager/manager.go:67.14,68.54 1 0
github.com/heathcliff26/fleetlock/pkg/lock-manager/manager.go:69.20,70.72 1 0
github.com/heathcliff26/fleetlock/pkg/lock-manager/manager.go:71.17,72.63 1 0
github.com/heathcliff26/fleetlock/pkg/lock-manager/manager.go:73.10,74.58 1 0
github.com/heathcliff26/fleetlock/pkg/lock-manager/manager.go:76.2,76.16 1 0
github.com/heathcliff26/fleetlock/pkg/lock-manager/manager.go:76.16,78.3 1 0
github.com/heathcliff26/fleetlock/pkg/lock-manager/manager.go:80.2,83.8 1 0
github.com/heathcliff26/fleetlock/pkg/lock-manager/manager.go:87.80,92.2 1 0
github.com/heathcliff26/fleetlock/pkg/lock-manager/manager.go:94.54,96.32 2 0
github.com/heathcliff26/fleetlock/pkg/lock-manager/manager.go:96.32,100.3 1 0
github.com/heathcliff26/fleetlock/pkg/lock-manager/manager.go:101.2,101.10 1 0
github.com/heathcliff26/fleetlock/pkg/lock-manager/manager.go:104.64,106.19 2 0
github.com/heathcliff26/fleetlock/pkg/lock-manager/manager.go:106.19,108.3 1 0
github.com/heathcliff26/fleetlock/pkg/lock-manager/manager.go:109.2,109.14 1 0
github.com/heathcliff26/fleetlock/pkg/lock-manager/manager.go:109.14,111.3 1 0
github.com/heathcliff26/fleetlock/pkg/lock-manager/manager.go:113.2,113.39 1 0
github.com/heathcliff26/fleetlock/pkg/lock-manager/manager.go:113.39,119.3 3 0
github.com/heathcliff26/fleetlock/pkg/lock-manager/manager.go:120.2,121.22 2 0
github.com/heathcliff26/fleetlock/pkg/lock-manager/manager.go:121.22,123.3 1 0
github.com/heathcliff26/fleetlock/pkg/lock-manager/manager.go:123.8,123.23 1 0
github.com/heathcliff26/fleetlock/pkg/lock-manager/manager.go:123.23,125.3 1 0
github.com/heathcliff26/fleetlock/pkg/lock-manager/manager.go:128.2,128.46 1 0
github.com/heathcliff26/fleetlock/pkg/lock-manager/manager.go:128.46,134.3 3 0
github.com/heathcliff26/fleetlock/pkg/lock-manager/manager.go:135.2,136.23 2 0
[...]
github.com/heathcliff26/fleetlock/pkg/lock-manager/storage/memory/storage.go:124.2,124.14 1 10
github.com/heathcliff26/fleetlock/pkg/lock-manager/storage/mongodb/storage.go:31.68,32.24 1 0
github.com/heathcliff26/fleetlock/pkg/lock-manager/storage/mongodb/storage.go:32.24,34.3 1 0
github.com/heathcliff26/fleetlock/pkg/lock-manager/storage/mongodb/storage.go:36.2,44.16 7 0
github.com/heathcliff26/fleetlock/pkg/lock-manager/storage/mongodb/storage.go:44.16,46.3 1 0
github.com/heathcliff26/fleetlock/pkg/lock-manager/storage/mongodb/storage.go:48.2,49.16 2 0
github.com/heathcliff26/fleetlock/pkg/lock-manager/storage/mongodb/storage.go:49.16,51.3 1 0
github.com/heathcliff26/fleetlock/pkg/lock-manager/storage/mongodb/storage.go:53.2,58.8 2 0
github.com/heathcliff26/fleetlock/pkg/lock-manager/storage/mongodb/storage.go:63.65,73.2 4 0
github.com/heathcliff26/fleetlock/pkg/lock-manager/storage/mongodb/storage.go:76.62,80.2 3 0
github.com/heathcliff26/fleetlock/pkg/lock-manager/storage/mongodb/storage.go:84.65,93.2 4 0
github.com/heathcliff26/fleetlock/pkg/lock-manager/storage/mongodb/storage.go:96.80,97.26 1 0
github.com/heathcliff26/fleetlock/pkg/lock-manager/storage/mongodb/storage.go:101.73,109.19 4 0
github.com/heathcliff26/fleetlock/pkg/lock-manager/storage/mongodb/storage.go:110.28,111.20 1 0
github.com/heathcliff26/fleetlock/pkg/lock-manager/storage/mongodb/storage.go:112.11,113.19 1 0
github.com/heathcliff26/fleetlock/pkg/lock-manager/storage/mongodb/storage.go:114.10,115.26 1 0
github.com/heathcliff26/fleetlock/pkg/lock-manager/storage/mongodb/storage.go:120.40,122.2 1 0
github.com/heathcliff26/fleetlock/pkg/lock-manager/storage/sql/mysql.go:18.60,22.16 3 0
github.com/heathcliff26/fleetlock/pkg/lock-manager/storage/sql/mysql.go:22.16,24.3 1 0
github.com/heathcliff26/fleetlock/pkg/lock-manager/storage/sql/mysql.go:26.2,27.16 2 0
github.com/heathcliff26/fleetlock/pkg/lock-manager/storage/sql/mysql.go:27.16,29.3 1 0
github.com/heathcliff26/fleetlock/pkg/lock-manager/storage/sql/mysql.go:31.2,37.16 3 0
github.com/heathcliff26/fleetlock/pkg/lock-manager/storage/sql/mysql.go:37.16,39.3 1 0
github.com/heathcliff26/fleetlock/pkg/lock-manager/storage/sql/mysql.go:40.2,40.15 1 0
github.com/heathcliff26/fleetlock/pkg/lock-manager/storage/sql/postgres.go:34.66,38.16 3 0
github.com/heathcliff26/fleetlock/pkg/lock-manager/storage/sql/postgres.go:38.16,40.3 1 0
github.com/heathcliff26/fleetlock/pkg/lock-manager/storage/sql/postgres.go:42.2,43.16 2 0
github.com/heathcliff26/fleetlock/pkg/lock-manager/storage/sql/postgres.go:43.16,45.3 1 0
github.com/heathcliff26/fleetlock/pkg/lock-manager/storage/sql/postgres.go:47.2,53.16 3 0
github.com/heathcliff26/fleetlock/pkg/lock-manager/storage/sql/postgres.go:53.16,55.3 1 0
github.com/heathcliff26/fleetlock/pkg/lock-manager/storage/sql/postgres.go:56.2,56.15 1 0
github.com/heathcliff26/fleetlock/pkg/lock-manager/storage/sql/sqlite.go:14.62,16.16 2 0
github.com/heathcliff26/fleetlock/pkg/lock-manager/storage/sql/sqlite.go:16.16,18.3 1 0
github.com/heathcliff26/fleetlock/pkg/lock-manager/storage/sql/sqlite.go:20.2,23.16 3 0
github.com/heathcliff26/fleetlock/pkg/lock-manager/storage/sql/sqlite.go:23.16,25.3 1 0
github.com/heathcliff26/fleetlock/pkg/lock-manager/storage/sql/sqlite.go:27.2,33.16 3 0
github.com/heathcliff26/fleetlock/pkg/lock-manager/storage/sql/sqlite.go:33.16,35.3 1 0
github.com/heathcliff26/fleetlock/pkg/lock-manager/storage/sql/sqlite.go:36.2,36.15 1 0
github.com/heathcliff26/fleetlock/pkg/lock-manager/storage/sql/storage.go:46.35,48.24 2 0
github.com/heathcliff26/fleetlock/pkg/lock-manager/storage/sql/storage.go:49.18,53.24 4 0
github.com/heathcliff26/fleetlock/pkg/lock-manager/storage/sql/storage.go:54.10,58.20 4 0
github.com/heathcliff26/fleetlock/pkg/lock-manager/storage/sql/storage.go:61.2,62.16 2 0
github.com/heathcliff26/fleetlock/pkg/lock-manager/storage/sql/storage.go:62.16,64.3 1 0
github.com/heathcliff26/fleetlock/pkg/lock-manager/storage/sql/storage.go:66.2,67.16 2 0
github.com/heathcliff26/fleetlock/pkg/lock-manager/storage/sql/storage.go:67.16,69.3 1 0
github.com/heathcliff26/fleetlock/pkg/lock-manager/storage/sql/storage.go:71.2,72.16 2 0
github.com/heathcliff26/fleetlock/pkg/lock-manager/storage/sql/storage.go:72.16,74.3 1 0
github.com/heathcliff26/fleetlock/pkg/lock-manager/storage/sql/storage.go:76.2,77.16 2 0
github.com/heathcliff26/fleetlock/pkg/lock-manager/storage/sql/storage.go:77.16,79.3 1 0
github.com/heathcliff26/fleetlock/pkg/lock-manager/storage/sql/storage.go:81.2,82.16 2 0
github.com/heathcliff26/fleetlock/pkg/lock-manager/storage/sql/storage.go:82.16,84.3 1 0
github.com/heathcliff26/fleetlock/pkg/lock-manager/storage/sql/storage.go:86.2,86.12 1 0
github.com/heathcliff26/fleetlock/pkg/lock-manager/storage/sql/storage.go:91.61,93.16 2 0
github.com/heathcliff26/fleetlock/pkg/lock-manager/storage/sql/storage.go:93.16,95.3 1 0
github.com/heathcliff26/fleetlock/pkg/lock-manager/storage/sql/storage.go:97.2,97.12 1 0
github.com/heathcliff26/fleetlock/pkg/lock-manager/storage/sql/storage.go:101.58,103.16 2 0
github.com/heathcliff26/fleetlock/pkg/lock-manager/storage/sql/storage.go:103.16,105.3 1 0
github.com/heathcliff26/fleetlock/pkg/lock-manager/storage/sql/storage.go:106.2,108.18 2 0
github.com/heathcliff26/fleetlock/pkg/lock-manager/storage/sql/storage.go:108.18,110.17 2 0
github.com/heathcliff26/fleetlock/pkg/lock-manager/storage/sql/storage.go:110.17,112.4 1 0
github.com/heathcliff26/fleetlock/pkg/lock-manager/storage/sql/storage.go:113.3,113.16 1 0
github.com/heathcliff26/fleetlock/pkg/lock-manager/storage/sql/storage.go:116.2,118.16 3 0
github.com/heathcliff26/fleetlock/pkg/lock-manager/storage/sql/storage.go:118.16,120.3 1 0
github.com/heathcliff26/fleetlock/pkg/lock-manager/storage/sql/storage.go:121.2,121.19 1 0
github.com/heathcliff26/fleetlock/pkg/lock-manager/storage/sql/storage.go:126.61,128.16 2 0
github.com/heathcliff26/fleetlock/pkg/lock-manager/storage/sql/storage.go:128.16,130.3 1 0
github.com/heathcliff26/fleetlock/pkg/lock-manager/storage/sql/storage.go:132.2,132.12 1 0
github.com/heathcliff26/fleetlock/pkg/lock-manager/storage/sql/storage.go:136.76,137.15 1 0
github.com/heathcliff26/fleetlock/pkg/lock-manager/storage/sql/storage.go:141.62,143.16 2 0
github.com/heathcliff26/fleetlock/pkg/lock-manager/storage/sql/storage.go:143.16,145.3 1 0
github.com/heathcliff26/fleetlock/pkg/lock-manager/storage/sql/storage.go:146.2,150.16 4 0
github.com/heathcliff26/fleetlock/pkg/lock-manager/storage/sql/storage.go:150.16,152.3 1 0
github.com/heathcliff26/fleetlock/pkg/lock-manager/storage/sql/storage.go:153.2,153.17 1 0
github.com/heathcliff26/fleetlock/pkg/lock-manager/storage/sql/storage.go:157.36,159.2 1 0
github.com/heathcliff26/fleetlock/pkg/lock-manager/storage/sql/util.go:3.91,5.20 2 0
github.com/heathcliff26/fleetlock/pkg/lock-manager/storage/sql/util.go:5.20,7.21 2 0
github.com/heathcliff26/fleetlock/pkg/lock-manager/storage/sql/util.go:7.21,9.4 1 0
github.com/heathcliff26/fleetlock/pkg/lock-manager/storage/sql/util.go:10.3,10.17 1 0
github.com/heathcliff26/fleetlock/pkg/lock-manager/storage/sql/util.go:12.2,13.19 2 0
github.com/heathcliff26/fleetlock/pkg/lock-manager/storage/sql/util.go:13.19,15.3 1 0
github.com/heathcliff26/fleetlock/pkg/lock-manager/storage/sql/util.go:17.2,17.16 1 0
github.com/heathcliff26/fleetlock/pkg/lock-manager/storage/valkey/loadbalancer.go:33.91,47.16 6 0
github.com/heathcliff26/fleetlock/pkg/lock-manager/storage/valkey/loadbalancer.go:47.16,49.3 1 0
github.com/heathcliff26/fleetlock/pkg/lock-manager/storage/valkey/loadbalancer.go:51.2,54.24 3 0
github.com/heathcliff26/fleetlock/pkg/lock-manager/storage/valkey/loadbalancer.go:58.39,61.32 2 0
github.com/heathcliff26/fleetlock/pkg/lock-manager/storage/valkey/loadbalancer.go:61.32,66.17 4 0
github.com/heathcliff26/fleetlock/pkg/lock-manager/storage/valkey/loadbalancer.go:66.17,68.12 2 0
github.com/heathcliff26/fleetlock/pkg/lock-manager/storage/valkey/loadbalancer.go:70.3,74.17 4 0
github.com/heathcliff26/fleetlock/pkg/lock-manager/storage/valkey/loadbalancer.go:74.17,76.12 2 0
github.com/heathcliff26/fleetlock/pkg/lock-manager/storage/valkey/loadbalancer.go:78.3,79.85 2 0
github.com/heathcliff26/fleetlock/pkg/lock-manager/storage/valkey/loadbalancer.go:79.85,83.24 3 0
github.com/heathcliff26/fleetlock/pkg/lock-manager/storage/valkey/loadbalancer.go:83.24,88.5 3 0
github.com/heathcliff26/fleetlock/pkg/lock-manager/storage/valkey/loadbalancer.go:90.4,91.9 2 0
github.com/heathcliff26/fleetlock/pkg/lock-manager/storage/valkey/loadbalancer.go:95.2,95.11 1 0
github.com/heathcliff26/fleetlock/pkg/lock-manager/storage/valkey/loadbalancer.go:95.11,97.3 1 0
github.com/heathcliff26/fleetlock/pkg/lock-manager/storage/valkey/loadbalancer.go:101.47,103.2 1 0
github.com/heathcliff26/fleetlock/pkg/lock-manager/storage/valkey/loadbalancer.go:105.47,106.6 1 0
github.com/heathcliff26/fleetlock/pkg/lock-manager/storage/valkey/loadbalancer.go:106.6,109.10 2 0
github.com/heathcliff26/fleetlock/pkg/lock-manager/storage/valkey/loadbalancer.go:110.24,111.10 1 0
github.com/heathcliff26/fleetlock/pkg/lock-manager/storage/valkey/loadbalancer.go:112.53,112.53 0 0
github.com/heathcliff26/fleetlock/pkg/lock-manager/storage/valkey/loadbalancer.go:117.106,122.16 4 0
github.com/heathcliff26/fleetlock/pkg/lock-manager/storage/valkey/loadbalancer.go:122.16,124.3 1 0
github.com/heathcliff26/fleetlock/pkg/lock-manager/storage/valkey/loadbalancer.go:125.2,125.32 1 0
github.com/heathcliff26/fleetlock/pkg/lock-manager/storage/valkey/loadbalancer.go:128.33,130.2 1 0
github.com/heathcliff26/fleetlock/pkg/lock-manager/storage/valkey/storage.go:37.65,42.13 4 0
github.com/heathcliff26/fleetlock/pkg/lock-manager/storage/valkey/storage.go:42.13,46.3 1 0
github.com/heathcliff26/fleetlock/pkg/lock-manager/storage/valkey/storage.go:48.2,59.9 3 0
github.com/heathcliff26/fleetlock/pkg/lock-manager/storage/valkey/storage.go:60.28,68.38 3 0
github.com/heathcliff26/fleetlock/pkg/lock-manager/storage/valkey/storage.go:69.26,70.47 1 0
github.com/heathcliff26/fleetlock/pkg/lock-manager/storage/valkey/storage.go:71.10,72.38 1 0
github.com/heathcliff26/fleetlock/pkg/lock-manager/storage/valkey/storage.go:74.2,74.16 1 0
github.com/heathcliff26/fleetlock/pkg/lock-manager/storage/valkey/storage.go:74.16,76.3 1 0
github.com/heathcliff26/fleetlock/pkg/lock-manager/storage/valkey/storage.go:78.2,81.8 1 0
github.com/heathcliff26/fleetlock/pkg/lock-manager/storage/valkey/storage.go:86.64,94.16 6 0
github.com/heathcliff26/fleetlock/pkg/lock-manager/storage/valkey/storage.go:94.16,96.3 1 0
github.com/heathcliff26/fleetlock/pkg/lock-manager/storage/valkey/storage.go:98.2,98.8 1 0
github.com/heathcliff26/fleetlock/pkg/lock-manager/storage/valkey/storage.go:98.8,100.17 2 0
github.com/heathcliff26/fleetlock/pkg/lock-manager/storage/valkey/storage.go:100.17,102.4 1 0
github.com/heathcliff26/fleetlock/pkg/lock-manager/storage/valkey/storage.go:105.2,105.12 1 0
github.com/heathcliff26/fleetlock/pkg/lock-manager/storage/valkey/storage.go:109.61,112.16 3 0
github.com/heathcliff26/fleetlock/pkg/lock-manager/storage/valkey/storage.go:112.16,114.3 1 0
github.com/heathcliff26/fleetlock/pkg/lock-manager/storage/valkey/storage.go:115.2,115.25 1 0
github.com/heathcliff26/fleetlock/pkg/lock-manager/storage/valkey/storage.go:120.64,128.16 6 0
github.com/heathcliff26/fleetlock/pkg/lock-manager/storage/valkey/storage.go:128.16,130.3 1 0
github.com/heathcliff26/fleetlock/pkg/lock-manager/storage/valkey/storage.go:132.2,133.16 2 0
github.com/heathcliff26/fleetlock/pkg/lock-manager/storage/valkey/storage.go:133.16,135.3 1 0
github.com/heathcliff26/fleetlock/pkg/lock-manager/storage/valkey/storage.go:136.2,136.12 1 0
github.com/heathcliff26/fleetlock/pkg/lock-manager/storage/valkey/storage.go:140.79,141.26 1 0
github.com/heathcliff26/fleetlock/pkg/lock-manager/storage/valkey/storage.go:145.72,151.16 5 0
github.com/heathcliff26/fleetlock/pkg/lock-manager/storage/valkey/storage.go:151.16,153.3 1 0
github.com/heathcliff26/fleetlock/pkg/lock-manager/storage/valkey/storage.go:154.2,154.24 1 0
github.com/heathcliff26/fleetlock/pkg/lock-manager/storage/valkey/storage.go:158.39,159.17 1 0
github.com/heathcliff26/fleetlock/pkg/lock-manager/storage/valkey/storage.go:159.17,161.3 1 0
github.com/heathcliff26/fleetlock/pkg/lock-manager/storage/valkey/storage.go:162.2,163.12 2 0
github.com/heathcliff26/fleetlock/pkg/server/config.go:24.45,26.2 1 2
github.com/heathcliff26/fleetlock/pkg/server/config.go:29.37,30.22 1 4
github.com/heathcliff26/fleetlock/pkg/server/config.go:30.22,31.22 1 3
github.com/heathcliff26/fleetlock/pkg/server/config.go:31.22,33.4 1 1
github.com/heathcliff26/fleetlock/pkg/server/config.go:33.9,35.4 1 2
github.com/heathcliff26/fleetlock/pkg/server/config.go:40.43,41.21 1 4
github.com/heathcliff26/fleetlock/pkg/server/config.go:41.21,42.46 1 3
github.com/heathcliff26/fleetlock/pkg/server/config.go:42.46,44.4 1 2
github.com/heathcliff26/fleetlock/pkg/server/config.go:46.2,46.12 1 2
github.com/heathcliff26/fleetlock/pkg/server/errors.go:5.50,7.2 1 1
github.com/heathcliff26/fleetlock/pkg/server/server.go:32.134,34.16 2 2
github.com/heathcliff26/fleetlock/pkg/server/server.go:34.16,36.3 1 1
github.com/heathcliff26/fleetlock/pkg/server/server.go:38.2,38.16 1 1
github.com/heathcliff26/fleetlock/pkg/server/server.go:38.16,40.3 1 0
github.com/heathcliff26/fleetlock/pkg/server/server.go:42.2,46.8 1 1
github.com/heathcliff26/fleetlock/pkg/server/server.go:50.76,52.26 2 6
github.com/heathcliff26/fleetlock/pkg/server/server.go:53.24,54.31 1 1
github.com/heathcliff26/fleetlock/pkg/server/server.go:55.26,56.31 1 5
github.com/heathcliff26/fleetlock/pkg/server/server.go:60.2,60.70 1 6
github.com/heathcliff26/fleetlock/pkg/server/server.go:60.70,65.3 4 1
github.com/heathcliff26/fleetlock/pkg/server/server.go:67.2,68.16 2 5
github.com/heathcliff26/fleetlock/pkg/server/server.go:68.16,73.3 4 1
github.com/heathcliff26/fleetlock/pkg/server/server.go:75.2,75.107 1 4
github.com/heathcliff26/fleetlock/pkg/server/server.go:75.107,80.3 4 1
github.com/heathcliff26/fleetlock/pkg/server/server.go:82.2,82.28 1 3
github.com/heathcliff26/fleetlock/pkg/server/server.go:82.28,87.3 4 1
github.com/heathcliff26/fleetlock/pkg/server/server.go:89.2,89.24 1 2
github.com/heathcliff26/fleetlock/pkg/server/server.go:95.85,97.16 2 7
github.com/heathcliff26/fleetlock/pkg/server/server.go:97.16,102.3 4 1
github.com/heathcliff26/fleetlock/pkg/server/server.go:104.2,104.8 1 6
github.com/heathcliff26/fleetlock/pkg/server/server.go:104.8,106.47 2 5
github.com/heathcliff26/fleetlock/pkg/server/server.go:106.47,108.4 1 1
github.com/heathcliff26/fleetlock/pkg/server/server.go:109.3,109.31 1 4
github.com/heathcliff26/fleetlock/pkg/server/server.go:110.8,114.3 3 1
github.com/heathcliff26/fleetlock/pkg/server/server.go:120.85,121.49 1 3
github.com/heathcliff26/fleetlock/pkg/server/server.go:121.49,123.3 1 0
github.com/heathcliff26/fleetlock/pkg/server/server.go:125.2,126.16 2 3
github.com/heathcliff26/fleetlock/pkg/server/server.go:126.16,131.3 4 1
github.com/heathcliff26/fleetlock/pkg/server/server.go:132.2,133.30 2 2
github.com/heathcliff26/fleetlock/pkg/server/server.go:138.86,140.16 2 3
github.com/heathcliff26/fleetlock/pkg/server/server.go:140.16,142.3 1 1
github.com/heathcliff26/fleetlock/pkg/server/server.go:144.2,145.16 2 2
github.com/heathcliff26/fleetlock/pkg/server/server.go:145.16,150.3 4 0
github.com/heathcliff26/fleetlock/pkg/server/server.go:151.2,151.13 1 2
github.com/heathcliff26/fleetlock/pkg/server/server.go:151.13,154.3 2 1
github.com/heathcliff26/fleetlock/pkg/server/server.go:156.2,156.12 1 1
github.com/heathcliff26/fleetlock/pkg/server/server.go:156.12,158.17 2 1
github.com/heathcliff26/fleetlock/pkg/server/server.go:158.17,160.4 1 0
github.com/heathcliff26/fleetlock/pkg/server/server.go:160.9,162.4 1 1
github.com/heathcliff26/fleetlock/pkg/server/server.go:165.2,167.14 3 1
github.com/heathcliff26/fleetlock/pkg/server/server.go:172.89,174.16 2 2
github.com/heathcliff26/fleetlock/pkg/server/server.go:174.16,176.3 1 1
github.com/heathcliff26/fleetlock/pkg/server/server.go:178.2,179.16 2 1
github.com/heathcliff26/fleetlock/pkg/server/server.go:179.16,184.3 4 0
github.com/heathcliff26/fleetlock/pkg/server/server.go:185.2,186.13 2 1
github.com/heathcliff26/fleetlock/pkg/server/server.go:189.100,191.16 2 5
github.com/heathcliff26/fleetlock/pkg/server/server.go:191.16,196.3 4 0
github.com/heathcliff26/fleetlock/pkg/server/server.go:198.2,198.16 1 5
github.com/heathcliff26/fleetlock/pkg/server/server.go:198.16,200.3 1 2
github.com/heathcliff26/fleetlock/pkg/server/server.go:202.2,202.19 1 5
github.com/heathcliff26/fleetlock/pkg/server/server.go:207.77,213.2 3 1
github.com/heathcliff26/fleetlock/pkg/server/server.go:217.37,229.2 5 1
github.com/heathcliff26/fleetlock/pkg/server/server.go:232.30,233.25 1 0
github.com/heathcliff26/fleetlock/pkg/server/server.go:233.25,235.3 1 0
github.com/heathcliff26/fleetlock/pkg/server/server.go:237.2,238.15 2 0
github.com/heathcliff26/fleetlock/pkg/server/server.go:238.15,240.3 1 0
github.com/heathcliff26/fleetlock/pkg/server/server.go:242.2,243.23 2 0
github.com/heathcliff26/fleetlock/pkg/server/server.go:243.23,246.3 2 0
github.com/heathcliff26/fleetlock/pkg/server/server.go:246.8,249.3 2 0
github.com/heathcliff26/fleetlock/pkg/server/server.go:251.2,251.42 1 0
github.com/heathcliff26/fleetlock/pkg/server/server.go:251.42,254.3 2 0
github.com/heathcliff26/fleetlock/pkg/server/server.go:255.2,255.54 1 0
github.com/heathcliff26/fleetlock/pkg/server/server.go:258.35,259.25 1 2
github.com/heathcliff26/fleetlock/pkg/server/server.go:259.25,261.3 1 1
github.com/heathcliff26/fleetlock/pkg/server/server.go:263.2,265.16 3 1
github.com/heathcliff26/fleetlock/pkg/server/server.go:265.16,267.3 1 0
github.com/heathcliff26/fleetlock/pkg/server/server.go:268.2,269.12 2 1
github.com/heathcliff26/fleetlock/pkg/server/utils.go:9.43,11.21 2 9
github.com/heathcliff26/fleetlock/pkg/server/utils.go:11.21,13.3 1 7
github.com/heathcliff26/fleetlock/pkg/server/utils.go:14.2,14.21 1 9
github.com/heathcliff26/fleetlock/pkg/server/utils.go:14.21,16.3 1 5
github.com/heathcliff26/fleetlock/pkg/server/utils.go:17.2,17.18 1 9
github.com/heathcliff26/fleetlock/pkg/server/utils.go:21.52,23.16 2 20
github.com/heathcliff26/fleetlock/pkg/server/utils.go:23.16,26.3 2 1
github.com/heathcliff26/fleetlock/pkg/server/utils.go:28.2,29.16 2 19
github.com/heathcliff26/fleetlock/pkg/server/utils.go:29.16,31.3 1 0
github.com/heathcliff26/fleetlock/pkg/systemd-utils/utils.go:15.57,17.2 1 5
github.com/heathcliff26/fleetlock/pkg/systemd-utils/utils.go:20.61,25.16 3 5
github.com/heathcliff26/fleetlock/pkg/systemd-utils/utils.go:25.16,27.3 1 0
github.com/heathcliff26/fleetlock/pkg/systemd-utils/utils.go:28.2,29.16 2 5
github.com/heathcliff26/fleetlock/pkg/systemd-utils/utils.go:29.16,31.3 1 0
github.com/heathcliff26/fleetlock/pkg/systemd-utils/utils.go:33.2,44.35 7 5
github.com/heathcliff26/fleetlock/pkg/version/version.go:11.45,15.48 1 0
github.com/heathcliff26/fleetlock/pkg/version/version.go:15.48,17.4 1 0
github.com/heathcliff26/fleetlock/pkg/version/version.go:20.2,20.65 1 0
github.com/heathcliff26/fleetlock/pkg/version/version.go:20.66,20.67 0 0
github.com/heathcliff26/fleetlock/pkg/version/version.go:22.2,22.12 1 0
github.com/heathcliff26/fleetlock/pkg/version/version.go:26.23,29.2 2 0
github.com/heathcliff26/fleetlock/pkg/version/version.go:32.44,35.42 3 0
github.com/heathcliff26/fleetlock/pkg/version/version.go:35.42,36.33 1 0
github.com/heathcliff26/fleetlock/pkg/version/version.go:36.33,38.9 2 0
github.com/heathcliff26/fleetlock/pkg/version/version.go:41.2,41.21 1 0
github.com/heathcliff26/fleetlock/pkg/version/version.go:41.21,43.3 1 0
github.com/heathcliff26/fleetlock/pkg/version/version.go:43.8,43.25 1 0
github.com/heathcliff26/fleetlock/pkg/version/version.go:43.25,45.3 1 0
github.com/heathcliff26/fleetlock/pkg/version/version.go:47.2,52.15 5 0
